Using pre-set license
Built from '2020.3/staging' branch; Version is '2020.3.3f1 (76626098c1c4) revision 7758432'; Using compiler version '192528614'; Build Type 'Release'
OS: 'Windows 10 Home; OS build 19042.985; Version 2009; 64bit' Language: 'en' Physical Memory: 16321 MB
BatchMode: 1, IsHumanControllingUs: 0, StartBugReporterOnCrash: 0, Is64bit: 1, IsPro: 0

 COMMAND LINE ARGUMENTS:
E:\Unity\2020.3.3f1\Editor\Unity.exe
-adb2
-batchMode
-noUpm
-name
AssetImportWorker0
-projectPath
E:/School Stuff/Cross Plateform/GitHub/Battle Kid X/Battle_Kid_X
-logFile
Logs/AssetImportWorker0.log
-srvPort
58821
Successfully changed project path to: E:/School Stuff/Cross Plateform/GitHub/Battle Kid X/Battle_Kid_X
E:/School Stuff/Cross Plateform/GitHub/Battle Kid X/Battle_Kid_X
Using Asset Import Pipeline V2.
Refreshing native plugins compatible for Editor in 44.33 ms, found 1 plugins.
Preloading 0 native plugins for Editor in 0.00 ms.
Initialize engine version: 2020.3.3f1 (76626098c1c4)
[Subsystems] Discovering subsystems at path E:/Unity/2020.3.3f1/Editor/Data/Resources/UnitySubsystems
[Subsystems] Discovering subsystems at path E:/School Stuff/Cross Plateform/GitHub/Battle Kid X/Battle_Kid_X/Assets
GfxDevice: creating device client; threaded=0
Direct3D:
    Version:  Direct3D 11.0 [level 11.1]
    Renderer: AMD Radeon (TM) R9 390 Series (ID=0x67b1)
    Vendor:   
    VRAM:     8168 MB
    Driver:   27.20.1034.6
Initialize mono
Mono path[0] = 'E:/Unity/2020.3.3f1/Editor/Data/Managed'
Mono path[1] = 'E:/Unity/2020.3.3f1/Editor/Data/MonoBleedingEdge/lib/mono/unityjit'
Mono config path = 'E:/Unity/2020.3.3f1/Editor/Data/MonoBleedingEdge/etc'
Using monoOptions --debugger-agent=transport=dt_socket,embedding=1,server=y,suspend=n,address=127.0.0.1:56276
Begin MonoManager ReloadAssembly
Registering precompiled unity dll's ...
Register platform support module: E:/Unity/2020.3.3f1/Editor/Data/PlaybackEngines/WebGLSupport/UnityEditor.WebGL.Extensions.dll
Register platform support module: E:/Unity/2020.3.3f1/Editor/Data/PlaybackEngines/WindowsStandaloneSupport/UnityEditor.WindowsStandalone.Extensions.dll
Registered in 0.002350 seconds.
Native extension for WindowsStandalone target not found
Native extension for WebGL target not found
Refreshing native plugins compatible for Editor in 43.41 ms, found 1 plugins.
Preloading 0 native plugins for Editor in 0.00 ms.
Invoked RoslynAnalysisRunner static constructor.
RoslynAnalysisRunner will not be running.
RoslynAnalysisRunner has terminated.
Mono: successfully reloaded assembly
- Completed reload, in  1.517 seconds
Platform modules already initialized, skipping
Registering precompiled user dll's ...
Registered in 0.001655 seconds.
Begin MonoManager ReloadAssembly
Native extension for WindowsStandalone target not found
Native extension for WebGL target not found
Refreshing native plugins compatible for Editor in 42.18 ms, found 1 plugins.
Preloading 0 native plugins for Editor in 0.00 ms.
Invoked RoslynAnalysisRunner static constructor.
RoslynAnalysisRunner will not be running.
RoslynAnalysisRunner has terminated.
Mono: successfully reloaded assembly
- Completed reload, in  1.151 seconds
Platform modules already initialized, skipping
========================================================================
Worker process is ready to serve import requests
Launched and connected shader compiler UnityShaderCompiler.exe after 0.07 seconds
Refreshing native plugins compatible for Editor in 0.36 ms, found 1 plugins.
Preloading 0 native plugins for Editor in 0.00 ms.
Unloading 1824 Unused Serialized files (Serialized files now loaded: 0)
System memory in use before: 85.4 MB.
System memory in use after: 85.3 MB.

Unloading 24 unused Assets to reduce memory usage. Loaded Objects now: 2268.
Total: 2.675700 ms (FindLiveObjects: 0.351300 ms CreateObjectMapping: 0.284700 ms MarkObjects: 1.855100 ms  DeleteObjects: 0.183400 ms)

========================================================================
Received Import Request.
  path: Assets/Scripts/Player
  artifactKey: Guid(d3f5c586a24477549a15921fccb55ee0) Importer(815301076,1909f56bfc062723c751e8b465ee728b)
Start importing Assets/Scripts/Player using Guid(d3f5c586a24477549a15921fccb55ee0) Importer(815301076,1909f56bfc062723c751e8b465ee728b)  -> (artifact id: '3a59cdbe5aade9d6e9433ac85b8898cb') in 0.007826 seconds
  Import took 0.011629 seconds .

========================================================================
Received Import Request.
  Time since last request: 4.297937 seconds.
  path: Assets/Scripts/Testing
  artifactKey: Guid(3c4038d7aabe49741aa563a86aeedcf3) Importer(815301076,1909f56bfc062723c751e8b465ee728b)
Start importing Assets/Scripts/Testing using Guid(3c4038d7aabe49741aa563a86aeedcf3) Importer(815301076,1909f56bfc062723c751e8b465ee728b)  -> (artifact id: '336dfc09b33864b0b586f15723fa2469') in 0.002831 seconds
  Import took 0.006962 seconds .

========================================================================
Received Prepare
Registering precompiled user dll's ...
Registered in 0.001559 seconds.
Begin MonoManager ReloadAssembly
Native extension for WindowsStandalone target not found
Native extension for WebGL target not found
Refreshing native plugins compatible for Editor in 0.44 ms, found 1 plugins.
Preloading 0 native plugins for Editor in 0.00 ms.
Invoked RoslynAnalysisRunner static constructor.
RoslynAnalysisRunner will not be running.
RoslynAnalysisRunner has terminated.
Mono: successfully reloaded assembly
- Completed reload, in  1.107 seconds
Platform modules already initialized, skipping
Refreshing native plugins compatible for Editor in 0.37 ms, found 1 plugins.
Preloading 0 native plugins for Editor in 0.00 ms.
Unloading 1819 Unused Serialized files (Serialized files now loaded: 0)
System memory in use before: 85.3 MB.
System memory in use after: 85.3 MB.

Unloading 12 unused Assets to reduce memory usage. Loaded Objects now: 2272.
Total: 3.146100 ms (FindLiveObjects: 0.220200 ms CreateObjectMapping: 0.130900 ms MarkObjects: 2.678900 ms  DeleteObjects: 0.115000 ms)

========================================================================
Received Prepare
Registering precompiled user dll's ...
Registered in 0.001113 seconds.
Begin MonoManager ReloadAssembly
Native extension for WindowsStandalone target not found
Native extension for WebGL target not found
Refreshing native plugins compatible for Editor in 0.37 ms, found 1 plugins.
Preloading 0 native plugins for Editor in 0.00 ms.
Invoked RoslynAnalysisRunner static constructor.
RoslynAnalysisRunner will not be running.
RoslynAnalysisRunner has terminated.
Mono: successfully reloaded assembly
- Completed reload, in  0.993 seconds
Platform modules already initialized, skipping
Refreshing native plugins compatible for Editor in 0.36 ms, found 1 plugins.
Preloading 0 native plugins for Editor in 0.00 ms.
Unloading 1819 Unused Serialized files (Serialized files now loaded: 0)
System memory in use before: 85.3 MB.
System memory in use after: 85.3 MB.

Unloading 12 unused Assets to reduce memory usage. Loaded Objects now: 2276.
Total: 2.605900 ms (FindLiveObjects: 0.349700 ms CreateObjectMapping: 0.154800 ms MarkObjects: 1.959700 ms  DeleteObjects: 0.140700 ms)

========================================================================
Received Import Request.
  Time since last request: 32.485802 seconds.
  path: Assets/Scripts/CharacterAnim.cs
  artifactKey: Guid(05a04c7539042bd4c8b510590090ca7c) Importer(815301076,1909f56bfc062723c751e8b465ee728b)
Start importing Assets/Scripts/CharacterAnim.cs using Guid(05a04c7539042bd4c8b510590090ca7c) Importer(815301076,1909f56bfc062723c751e8b465ee728b)  -> (artifact id: '3d55e1d3798efd5299a749f78ea04ea0') in 0.094434 seconds
  Import took 0.098163 seconds .

========================================================================
Received Prepare
Registering precompiled user dll's ...
Registered in 0.001389 seconds.
Begin MonoManager ReloadAssembly
Native extension for WindowsStandalone target not found
Native extension for WebGL target not found
Refreshing native plugins compatible for Editor in 0.43 ms, found 1 plugins.
Preloading 0 native plugins for Editor in 0.00 ms.
Invoked RoslynAnalysisRunner static constructor.
RoslynAnalysisRunner will not be running.
RoslynAnalysisRunner has terminated.
Mono: successfully reloaded assembly
- Completed reload, in  1.003 seconds
Platform modules already initialized, skipping
Refreshing native plugins compatible for Editor in 0.43 ms, found 1 plugins.
Preloading 0 native plugins for Editor in 0.00 ms.
Unloading 1819 Unused Serialized files (Serialized files now loaded: 0)
System memory in use before: 85.4 MB.
System memory in use after: 85.3 MB.

Unloading 12 unused Assets to reduce memory usage. Loaded Objects now: 2280.
Total: 2.724300 ms (FindLiveObjects: 0.294500 ms CreateObjectMapping: 0.140100 ms MarkObjects: 2.147000 ms  DeleteObjects: 0.141100 ms)

========================================================================
Received Prepare
Registering precompiled user dll's ...
Registered in 0.001738 seconds.
Begin MonoManager ReloadAssembly
Native extension for WindowsStandalone target not found
Native extension for WebGL target not found
Refreshing native plugins compatible for Editor in 0.42 ms, found 1 plugins.
Preloading 0 native plugins for Editor in 0.00 ms.
Invoked RoslynAnalysisRunner static constructor.
RoslynAnalysisRunner will not be running.
RoslynAnalysisRunner has terminated.
Mono: successfully reloaded assembly
- Completed reload, in  0.937 seconds
Platform modules already initialized, skipping
Refreshing native plugins compatible for Editor in 0.36 ms, found 1 plugins.
Preloading 0 native plugins for Editor in 0.00 ms.
Unloading 1819 Unused Serialized files (Serialized files now loaded: 0)
System memory in use before: 85.4 MB.
System memory in use after: 85.4 MB.

Unloading 12 unused Assets to reduce memory usage. Loaded Objects now: 2284.
Total: 2.623800 ms (FindLiveObjects: 0.231400 ms CreateObjectMapping: 0.126000 ms MarkObjects: 2.115700 ms  DeleteObjects: 0.149600 ms)

========================================================================
Received Prepare
Registering precompiled user dll's ...
Registered in 0.001187 seconds.
Begin MonoManager ReloadAssembly
Native extension for WindowsStandalone target not found
Native extension for WebGL target not found
Refreshing native plugins compatible for Editor in 0.55 ms, found 1 plugins.
Preloading 0 native plugins for Editor in 0.00 ms.
Invoked RoslynAnalysisRunner static constructor.
RoslynAnalysisRunner will not be running.
RoslynAnalysisRunner has terminated.
Mono: successfully reloaded assembly
- Completed reload, in  0.944 seconds
Platform modules already initialized, skipping
Refreshing native plugins compatible for Editor in 0.41 ms, found 1 plugins.
Preloading 0 native plugins for Editor in 0.00 ms.
Unloading 1819 Unused Serialized files (Serialized files now loaded: 0)
System memory in use before: 85.4 MB.
System memory in use after: 85.4 MB.

Unloading 12 unused Assets to reduce memory usage. Loaded Objects now: 2288.
Total: 2.583500 ms (FindLiveObjects: 0.253700 ms CreateObjectMapping: 0.127200 ms MarkObjects: 2.073000 ms  DeleteObjects: 0.128600 ms)

========================================================================
Received Import Request.
  Time since last request: 26.306869 seconds.
  path: Assets/Scripts/PickUp.cs
  artifactKey: Guid(9d946e2003c6cc648a310f923bc08047) Importer(815301076,1909f56bfc062723c751e8b465ee728b)
Start importing Assets/Scripts/PickUp.cs using Guid(9d946e2003c6cc648a310f923bc08047) Importer(815301076,1909f56bfc062723c751e8b465ee728b)  -> (artifact id: '769d4eb9c4129a49bf870415bb9fb5d3') in 0.005202 seconds
  Import took 0.008937 seconds .

========================================================================
Received Import Request.
  Time since last request: 6.029045 seconds.
  path: Assets/Scripts/Weapon.cs
  artifactKey: Guid(e20efc73936dcfa42a6483c625a02ba6) Importer(815301076,1909f56bfc062723c751e8b465ee728b)
Start importing Assets/Scripts/Weapon.cs using Guid(e20efc73936dcfa42a6483c625a02ba6) Importer(815301076,1909f56bfc062723c751e8b465ee728b)  -> (artifact id: '7184530bcb0aaefce0ec6e0fa0f73281') in 0.002920 seconds
  Import took 0.007292 seconds .

========================================================================
Received Prepare
Registering precompiled user dll's ...
Registered in 0.001160 seconds.
Begin MonoManager ReloadAssembly
Native extension for WindowsStandalone target not found
Native extension for WebGL target not found
Refreshing native plugins compatible for Editor in 0.37 ms, found 1 plugins.
Preloading 0 native plugins for Editor in 0.00 ms.
Invoked RoslynAnalysisRunner static constructor.
RoslynAnalysisRunner will not be running.
RoslynAnalysisRunner has terminated.
Mono: successfully reloaded assembly
- Completed reload, in  0.993 seconds
Platform modules already initialized, skipping
Refreshing native plugins compatible for Editor in 0.39 ms, found 1 plugins.
Preloading 0 native plugins for Editor in 0.00 ms.
Unloading 1819 Unused Serialized files (Serialized files now loaded: 0)
System memory in use before: 85.4 MB.
System memory in use after: 85.4 MB.

Unloading 12 unused Assets to reduce memory usage. Loaded Objects now: 2292.
Total: 5.322400 ms (FindLiveObjects: 0.557800 ms CreateObjectMapping: 0.251600 ms MarkObjects: 4.230000 ms  DeleteObjects: 0.281000 ms)

========================================================================
Received Import Request.
  Time since last request: 18.420918 seconds.
  path: Assets/Scripts/PlayerController.cs
  artifactKey: Guid(dea382abbce04b04687773ce4d1f8d9d) Importer(815301076,1909f56bfc062723c751e8b465ee728b)
Start importing Assets/Scripts/PlayerController.cs using Guid(dea382abbce04b04687773ce4d1f8d9d) Importer(815301076,1909f56bfc062723c751e8b465ee728b)  -> (artifact id: 'f3a7441380b8e948c033b4524b703427') in 0.018584 seconds
  Import took 0.022544 seconds .

========================================================================
Received Prepare
Registering precompiled user dll's ...
Registered in 0.001198 seconds.
Begin MonoManager ReloadAssembly
Native extension for WindowsStandalone target not found
Native extension for WebGL target not found
Refreshing native plugins compatible for Editor in 0.38 ms, found 1 plugins.
Preloading 0 native plugins for Editor in 0.00 ms.
Invoked RoslynAnalysisRunner static constructor.
RoslynAnalysisRunner will not be running.
RoslynAnalysisRunner has terminated.
Mono: successfully reloaded assembly
- Completed reload, in  1.009 seconds
Platform modules already initialized, skipping
Refreshing native plugins compatible for Editor in 0.37 ms, found 1 plugins.
Preloading 0 native plugins for Editor in 0.00 ms.
Unloading 1819 Unused Serialized files (Serialized files now loaded: 0)
System memory in use before: 85.5 MB.
System memory in use after: 85.4 MB.

Unloading 12 unused Assets to reduce memory usage. Loaded Objects now: 2296.
Total: 2.581700 ms (FindLiveObjects: 0.270500 ms CreateObjectMapping: 0.126500 ms MarkObjects: 2.038600 ms  DeleteObjects: 0.145100 ms)

========================================================================
Received Prepare
Registering precompiled user dll's ...
Registered in 0.001187 seconds.
Begin MonoManager ReloadAssembly
Native extension for WindowsStandalone target not found
Native extension for WebGL target not found
Refreshing native plugins compatible for Editor in 0.42 ms, found 1 plugins.
Preloading 0 native plugins for Editor in 0.00 ms.
Invoked RoslynAnalysisRunner static constructor.
RoslynAnalysisRunner will not be running.
RoslynAnalysisRunner has terminated.
Mono: successfully reloaded assembly
- Completed reload, in  0.956 seconds
Platform modules already initialized, skipping
Refreshing native plugins compatible for Editor in 0.39 ms, found 1 plugins.
Preloading 0 native plugins for Editor in 0.00 ms.
Unloading 1819 Unused Serialized files (Serialized files now loaded: 0)
System memory in use before: 85.5 MB.
System memory in use after: 85.4 MB.

Unloading 12 unused Assets to reduce memory usage. Loaded Objects now: 2300.
Total: 2.606500 ms (FindLiveObjects: 0.265600 ms CreateObjectMapping: 0.180500 ms MarkObjects: 2.028600 ms  DeleteObjects: 0.130600 ms)

========================================================================
Received Prepare
Registering precompiled user dll's ...
Registered in 0.001182 seconds.
Begin MonoManager ReloadAssembly
Native extension for WindowsStandalone target not found
Native extension for WebGL target not found
Refreshing native plugins compatible for Editor in 0.46 ms, found 1 plugins.
Preloading 0 native plugins for Editor in 0.00 ms.
Invoked RoslynAnalysisRunner static constructor.
RoslynAnalysisRunner will not be running.
RoslynAnalysisRunner has terminated.
Mono: successfully reloaded assembly
- Completed reload, in  1.031 seconds
Platform modules already initialized, skipping
Refreshing native plugins compatible for Editor in 0.40 ms, found 1 plugins.
Preloading 0 native plugins for Editor in 0.00 ms.
Unloading 1819 Unused Serialized files (Serialized files now loaded: 0)
System memory in use before: 85.5 MB.
System memory in use after: 85.4 MB.

Unloading 12 unused Assets to reduce memory usage. Loaded Objects now: 2304.
Total: 2.515100 ms (FindLiveObjects: 0.262700 ms CreateObjectMapping: 0.198900 ms MarkObjects: 1.939000 ms  DeleteObjects: 0.113000 ms)

========================================================================
Received Prepare
Registering precompiled user dll's ...
Registered in 0.001981 seconds.
Begin MonoManager ReloadAssembly
Native extension for WindowsStandalone target not found
Native extension for WebGL target not found
Refreshing native plugins compatible for Editor in 0.40 ms, found 1 plugins.
Preloading 0 native plugins for Editor in 0.00 ms.
Invoked RoslynAnalysisRunner static constructor.
RoslynAnalysisRunner will not be running.
RoslynAnalysisRunner has terminated.
Mono: successfully reloaded assembly
- Completed reload, in  1.098 seconds
Platform modules already initialized, skipping
Refreshing native plugins compatible for Editor in 0.39 ms, found 1 plugins.
Preloading 0 native plugins for Editor in 0.00 ms.
Unloading 1819 Unused Serialized files (Serialized files now loaded: 0)
System memory in use before: 85.5 MB.
System memory in use after: 85.5 MB.

Unloading 12 unused Assets to reduce memory usage. Loaded Objects now: 2308.
Total: 3.529600 ms (FindLiveObjects: 0.604000 ms CreateObjectMapping: 0.272900 ms MarkObjects: 2.511700 ms  DeleteObjects: 0.139300 ms)

========================================================================
Received Prepare
Registering precompiled user dll's ...
Registered in 0.001165 seconds.
Begin MonoManager ReloadAssembly
Native extension for WindowsStandalone target not found
Native extension for WebGL target not found
Refreshing native plugins compatible for Editor in 0.48 ms, found 1 plugins.
Preloading 0 native plugins for Editor in 0.00 ms.
Invoked RoslynAnalysisRunner static constructor.
RoslynAnalysisRunner will not be running.
RoslynAnalysisRunner has terminated.
Mono: successfully reloaded assembly
- Completed reload, in  1.112 seconds
Platform modules already initialized, skipping
Refreshing native plugins compatible for Editor in 0.47 ms, found 1 plugins.
Preloading 0 native plugins for Editor in 0.00 ms.
Unloading 1819 Unused Serialized files (Serialized files now loaded: 0)
System memory in use before: 85.5 MB.
System memory in use after: 85.5 MB.

Unloading 12 unused Assets to reduce memory usage. Loaded Objects now: 2312.
Total: 2.753700 ms (FindLiveObjects: 0.246300 ms CreateObjectMapping: 0.251000 ms MarkObjects: 2.125100 ms  DeleteObjects: 0.129900 ms)

========================================================================
Received Prepare
Registering precompiled user dll's ...
Registered in 0.001254 seconds.
Begin MonoManager ReloadAssembly
Native extension for WindowsStandalone target not found
Native extension for WebGL target not found
Refreshing native plugins compatible for Editor in 0.43 ms, found 1 plugins.
Preloading 0 native plugins for Editor in 0.00 ms.
Invoked RoslynAnalysisRunner static constructor.
RoslynAnalysisRunner will not be running.
RoslynAnalysisRunner has terminated.
Mono: successfully reloaded assembly
- Completed reload, in  1.067 seconds
Platform modules already initialized, skipping
Refreshing native plugins compatible for Editor in 0.37 ms, found 1 plugins.
Preloading 0 native plugins for Editor in 0.00 ms.
Unloading 1819 Unused Serialized files (Serialized files now loaded: 0)
System memory in use before: 85.5 MB.
System memory in use after: 85.5 MB.

Unloading 12 unused Assets to reduce memory usage. Loaded Objects now: 2316.
Total: 2.529800 ms (FindLiveObjects: 0.251800 ms CreateObjectMapping: 0.160000 ms MarkObjects: 1.988100 ms  DeleteObjects: 0.128300 ms)

========================================================================
Received Prepare
Registering precompiled user dll's ...
Registered in 0.001074 seconds.
Begin MonoManager ReloadAssembly
Native extension for WindowsStandalone target not found
Native extension for WebGL target not found
Refreshing native plugins compatible for Editor in 1.53 ms, found 1 plugins.
Preloading 0 native plugins for Editor in 0.00 ms.
Invoked RoslynAnalysisRunner static constructor.
RoslynAnalysisRunner will not be running.
RoslynAnalysisRunner has terminated.
Mono: successfully reloaded assembly
- Completed reload, in  1.045 seconds
Platform modules already initialized, skipping
Refreshing native plugins compatible for Editor in 0.38 ms, found 1 plugins.
Preloading 0 native plugins for Editor in 0.00 ms.
Unloading 1819 Unused Serialized files (Serialized files now loaded: 0)
System memory in use before: 85.5 MB.
System memory in use after: 85.5 MB.

Unloading 12 unused Assets to reduce memory usage. Loaded Objects now: 2320.
Total: 2.360600 ms (FindLiveObjects: 0.253400 ms CreateObjectMapping: 0.133800 ms MarkObjects: 1.854900 ms  DeleteObjects: 0.117100 ms)

========================================================================
Received Prepare
Registering precompiled user dll's ...
Registered in 0.001312 seconds.
Begin MonoManager ReloadAssembly
Native extension for WindowsStandalone target not found
Native extension for WebGL target not found
Refreshing native plugins compatible for Editor in 0.40 ms, found 1 plugins.
Preloading 0 native plugins for Editor in 0.00 ms.
Invoked RoslynAnalysisRunner static constructor.
RoslynAnalysisRunner will not be running.
RoslynAnalysisRunner has terminated.
Mono: successfully reloaded assembly
- Completed reload, in  1.023 seconds
Platform modules already initialized, skipping
Refreshing native plugins compatible for Editor in 0.38 ms, found 1 plugins.
Preloading 0 native plugins for Editor in 0.00 ms.
Unloading 1819 Unused Serialized files (Serialized files now loaded: 0)
System memory in use before: 85.5 MB.
System memory in use after: 85.5 MB.

Unloading 12 unused Assets to reduce memory usage. Loaded Objects now: 2324.
Total: 2.486500 ms (FindLiveObjects: 0.277600 ms CreateObjectMapping: 0.200200 ms MarkObjects: 1.892900 ms  DeleteObjects: 0.114200 ms)

========================================================================
Received Prepare
Registering precompiled user dll's ...
Registered in 0.001088 seconds.
Begin MonoManager ReloadAssembly
Native extension for WindowsStandalone target not found
Native extension for WebGL target not found
Refreshing native plugins compatible for Editor in 0.40 ms, found 1 plugins.
Preloading 0 native plugins for Editor in 0.00 ms.
Invoked RoslynAnalysisRunner static constructor.
RoslynAnalysisRunner will not be running.
RoslynAnalysisRunner has terminated.
Mono: successfully reloaded assembly
- Completed reload, in  0.967 seconds
Platform modules already initialized, skipping
Refreshing native plugins compatible for Editor in 0.38 ms, found 1 plugins.
Preloading 0 native plugins for Editor in 0.00 ms.
Unloading 1819 Unused Serialized files (Serialized files now loaded: 0)
System memory in use before: 85.5 MB.
System memory in use after: 85.5 MB.

Unloading 12 unused Assets to reduce memory usage. Loaded Objects now: 2328.
Total: 2.712600 ms (FindLiveObjects: 0.354500 ms CreateObjectMapping: 0.153200 ms MarkObjects: 2.050900 ms  DeleteObjects: 0.152800 ms)

========================================================================
Received Prepare
Registering precompiled user dll's ...
Registered in 0.001206 seconds.
Begin MonoManager ReloadAssembly
Native extension for WindowsStandalone target not found
Native extension for WebGL target not found
Refreshing native plugins compatible for Editor in 0.39 ms, found 1 plugins.
Preloading 0 native plugins for Editor in 0.00 ms.
Invoked RoslynAnalysisRunner static constructor.
RoslynAnalysisRunner will not be running.
RoslynAnalysisRunner has terminated.
Mono: successfully reloaded assembly
- Completed reload, in  1.067 seconds
Platform modules already initialized, skipping
Refreshing native plugins compatible for Editor in 0.37 ms, found 1 plugins.
Preloading 0 native plugins for Editor in 0.00 ms.
Unloading 1819 Unused Serialized files (Serialized files now loaded: 0)
System memory in use before: 85.5 MB.
System memory in use after: 85.5 MB.

Unloading 12 unused Assets to reduce memory usage. Loaded Objects now: 2332.
Total: 4.129800 ms (FindLiveObjects: 0.297500 ms CreateObjectMapping: 0.402600 ms MarkObjects: 3.295000 ms  DeleteObjects: 0.133700 ms)

========================================================================
Received Prepare
Registering precompiled user dll's ...
Registered in 0.001140 seconds.
Begin MonoManager ReloadAssembly
Native extension for WindowsStandalone target not found
Native extension for WebGL target not found
Refreshing native plugins compatible for Editor in 0.39 ms, found 1 plugins.
Preloading 0 native plugins for Editor in 0.00 ms.
Invoked RoslynAnalysisRunner static constructor.
RoslynAnalysisRunner will not be running.
RoslynAnalysisRunner has terminated.
Mono: successfully reloaded assembly
- Completed reload, in  1.107 seconds
Platform modules already initialized, skipping
Refreshing native plugins compatible for Editor in 0.49 ms, found 1 plugins.
Preloading 0 native plugins for Editor in 0.00 ms.
Unloading 1819 Unused Serialized files (Serialized files now loaded: 0)
System memory in use before: 85.5 MB.
System memory in use after: 85.5 MB.

Unloading 12 unused Assets to reduce memory usage. Loaded Objects now: 2336.
Total: 3.776300 ms (FindLiveObjects: 0.267200 ms CreateObjectMapping: 0.258200 ms MarkObjects: 3.118500 ms  DeleteObjects: 0.130400 ms)

========================================================================
Received Import Request.
  Time since last request: 2768.603165 seconds.
  path: ProjectSettings/TagManager.asset
  artifactKey: Guid(00000000000000003000000000000000) Importer(815301076,1909f56bfc062723c751e8b465ee728b)
Start importing ProjectSettings/TagManager.asset using Guid(00000000000000003000000000000000) Importer(815301076,1909f56bfc062723c751e8b465ee728b)  -> (artifact id: 'e129cca1139479df49032fa5f188837c') in 0.029754 seconds
  Import took 0.035115 seconds .

========================================================================
Received Prepare
Registering precompiled user dll's ...
Registered in 0.002438 seconds.
Begin MonoManager ReloadAssembly
Native extension for WindowsStandalone target not found
Native extension for WebGL target not found
Refreshing native plugins compatible for Editor in 0.69 ms, found 1 plugins.
Preloading 0 native plugins for Editor in 0.00 ms.
Invoked RoslynAnalysisRunner static constructor.
RoslynAnalysisRunner will not be running.
RoslynAnalysisRunner has terminated.
Mono: successfully reloaded assembly
- Completed reload, in  1.579 seconds
Platform modules already initialized, skipping
Refreshing native plugins compatible for Editor in 0.45 ms, found 1 plugins.
Preloading 0 native plugins for Editor in 0.00 ms.
Unloading 1819 Unused Serialized files (Serialized files now loaded: 0)
System memory in use before: 85.6 MB.
System memory in use after: 85.5 MB.

Unloading 13 unused Assets to reduce memory usage. Loaded Objects now: 2340.
Total: 2.973800 ms (FindLiveObjects: 0.313900 ms CreateObjectMapping: 0.170600 ms MarkObjects: 2.362800 ms  DeleteObjects: 0.125100 ms)

========================================================================
Received Prepare
Registering precompiled user dll's ...
Registered in 0.001825 seconds.
Begin MonoManager ReloadAssembly
Native extension for WindowsStandalone target not found
Native extension for WebGL target not found
Refreshing native plugins compatible for Editor in 0.39 ms, found 1 plugins.
Preloading 0 native plugins for Editor in 0.00 ms.
Invoked RoslynAnalysisRunner static constructor.
RoslynAnalysisRunner will not be running.
RoslynAnalysisRunner has terminated.
Mono: successfully reloaded assembly
- Completed reload, in  1.216 seconds
Platform modules already initialized, skipping
Refreshing native plugins compatible for Editor in 0.50 ms, found 1 plugins.
Preloading 0 native plugins for Editor in 0.00 ms.
Unloading 1819 Unused Serialized files (Serialized files now loaded: 0)
System memory in use before: 85.6 MB.
System memory in use after: 85.5 MB.

Unloading 12 unused Assets to reduce memory usage. Loaded Objects now: 2344.
Total: 3.134300 ms (FindLiveObjects: 0.501800 ms CreateObjectMapping: 0.197800 ms MarkObjects: 2.304700 ms  DeleteObjects: 0.128100 ms)

========================================================================
Received Prepare
Registering precompiled user dll's ...
Registered in 0.001211 seconds.
Begin MonoManager ReloadAssembly
Native extension for WindowsStandalone target not found
Native extension for WebGL target not found
Refreshing native plugins compatible for Editor in 0.39 ms, found 1 plugins.
Preloading 0 native plugins for Editor in 0.00 ms.
Invoked RoslynAnalysisRunner static constructor.
RoslynAnalysisRunner will not be running.
RoslynAnalysisRunner has terminated.
Mono: successfully reloaded assembly
- Completed reload, in  1.004 seconds
Platform modules already initialized, skipping
Refreshing native plugins compatible for Editor in 0.37 ms, found 1 plugins.
Preloading 0 native plugins for Editor in 0.00 ms.
Unloading 1819 Unused Serialized files (Serialized files now loaded: 0)
System memory in use before: 85.6 MB.
System memory in use after: 85.5 MB.

Unloading 12 unused Assets to reduce memory usage. Loaded Objects now: 2348.
Total: 2.826600 ms (FindLiveObjects: 0.245000 ms CreateObjectMapping: 0.154800 ms MarkObjects: 2.275800 ms  DeleteObjects: 0.149700 ms)

========================================================================
Received Import Request.
  Time since last request: 4049.511362 seconds.
  path: Assets/Prefab/EnemyPrefabs/BossShot.prefab
  artifactKey: Guid(cd3d22f9eb311be47bd8486b7b130d40) Importer(815301076,1909f56bfc062723c751e8b465ee728b)
Start importing Assets/Prefab/EnemyPrefabs/BossShot.prefab using Guid(cd3d22f9eb311be47bd8486b7b130d40) Importer(815301076,1909f56bfc062723c751e8b465ee728b)  -> (artifact id: 'af7fbee27536b683da613618e90dae06') in 0.101732 seconds
  Import took 0.105759 seconds .

========================================================================
Received Prepare
Registering precompiled user dll's ...
Registered in 0.001197 seconds.
Begin MonoManager ReloadAssembly
Native extension for WindowsStandalone target not found
Native extension for WebGL target not found
Refreshing native plugins compatible for Editor in 0.44 ms, found 1 plugins.
Preloading 0 native plugins for Editor in 0.00 ms.
Invoked RoslynAnalysisRunner static constructor.
RoslynAnalysisRunner will not be running.
RoslynAnalysisRunner has terminated.
Mono: successfully reloaded assembly
- Completed reload, in  1.051 seconds
Platform modules already initialized, skipping
Refreshing native plugins compatible for Editor in 0.40 ms, found 1 plugins.
Preloading 0 native plugins for Editor in 0.00 ms.
Unloading 1819 Unused Serialized files (Serialized files now loaded: 0)
System memory in use before: 88.7 MB.
System memory in use after: 88.6 MB.

Unloading 12 unused Assets to reduce memory usage. Loaded Objects now: 2359.
Total: 2.799200 ms (FindLiveObjects: 0.323100 ms CreateObjectMapping: 0.233600 ms MarkObjects: 2.115000 ms  DeleteObjects: 0.125700 ms)

========================================================================
Received Import Request.
  Time since last request: 3.646715 seconds.
  path: Assets/Prefab/EnemyPrefabs/BossShot.prefab
  artifactKey: Guid(cd3d22f9eb311be47bd8486b7b130d40) Importer(815301076,1909f56bfc062723c751e8b465ee728b)
Start importing Assets/Prefab/EnemyPrefabs/BossShot.prefab using Guid(cd3d22f9eb311be47bd8486b7b130d40) Importer(815301076,1909f56bfc062723c751e8b465ee728b)  -> (artifact id: '1bf3d3554706d2309fb855fa2b03f483') in 0.074012 seconds
  Import took 0.078534 seconds .

========================================================================
Received Prepare
Registering precompiled user dll's ...
Registered in 0.001104 seconds.
Begin MonoManager ReloadAssembly
Native extension for WindowsStandalone target not found
Native extension for WebGL target not found
Refreshing native plugins compatible for Editor in 0.45 ms, found 1 plugins.
Preloading 0 native plugins for Editor in 0.00 ms.
Invoked RoslynAnalysisRunner static constructor.
RoslynAnalysisRunner will not be running.
RoslynAnalysisRunner has terminated.
Mono: successfully reloaded assembly
- Completed reload, in  1.086 seconds
Platform modules already initialized, skipping
Refreshing native plugins compatible for Editor in 0.37 ms, found 1 plugins.
Preloading 0 native plugins for Editor in 0.00 ms.
Unloading 1819 Unused Serialized files (Serialized files now loaded: 0)
System memory in use before: 88.7 MB.
System memory in use after: 88.7 MB.

Unloading 12 unused Assets to reduce memory usage. Loaded Objects now: 2364.
Total: 2.944100 ms (FindLiveObjects: 0.347200 ms CreateObjectMapping: 0.177200 ms MarkObjects: 2.266500 ms  DeleteObjects: 0.151900 ms)

========================================================================
Received Prepare
Registering precompiled user dll's ...
Registered in 0.001176 seconds.
Begin MonoManager ReloadAssembly
Native extension for WindowsStandalone target not found
Native extension for WebGL target not found
Refreshing native plugins compatible for Editor in 8.03 ms, found 1 plugins.
Preloading 0 native plugins for Editor in 0.00 ms.
Invoked RoslynAnalysisRunner static constructor.
RoslynAnalysisRunner will not be running.
RoslynAnalysisRunner has terminated.
Mono: successfully reloaded assembly
- Completed reload, in  1.202 seconds
Platform modules already initialized, skipping
Refreshing native plugins compatible for Editor in 0.50 ms, found 1 plugins.
Preloading 0 native plugins for Editor in 0.00 ms.
Unloading 1819 Unused Serialized files (Serialized files now loaded: 0)
System memory in use before: 88.7 MB.
System memory in use after: 88.7 MB.

Unloading 12 unused Assets to reduce memory usage. Loaded Objects now: 2368.
Total: 5.394700 ms (FindLiveObjects: 0.342900 ms CreateObjectMapping: 0.169800 ms MarkObjects: 4.746100 ms  DeleteObjects: 0.133900 ms)

========================================================================
Received Import Request.
  Time since last request: 297.092437 seconds.
  path: Assets/Scripts/Testing/BossEnemy.cs
  artifactKey: Guid(a1434961897f99942a46f7e6be9d9aff) Importer(815301076,1909f56bfc062723c751e8b465ee728b)
Start importing Assets/Scripts/Testing/BossEnemy.cs using Guid(a1434961897f99942a46f7e6be9d9aff) Importer(815301076,1909f56bfc062723c751e8b465ee728b)  -> (artifact id: '3d6c47af122fda79926839b02ce1c00e') in 0.020446 seconds
  Import took 0.024596 seconds .

========================================================================
Received Prepare
Registering precompiled user dll's ...
Registered in 0.001077 seconds.
Begin MonoManager ReloadAssembly
Native extension for WindowsStandalone target not found
Native extension for WebGL target not found
Refreshing native plugins compatible for Editor in 0.43 ms, found 1 plugins.
Preloading 0 native plugins for Editor in 0.00 ms.
Invoked RoslynAnalysisRunner static constructor.
RoslynAnalysisRunner will not be running.
RoslynAnalysisRunner has terminated.
Mono: successfully reloaded assembly
- Completed reload, in  1.177 seconds
Platform modules already initialized, skipping
Refreshing native plugins compatible for Editor in 0.37 ms, found 1 plugins.
Preloading 0 native plugins for Editor in 0.00 ms.
Unloading 1819 Unused Serialized files (Serialized files now loaded: 0)
System memory in use before: 88.7 MB.
System memory in use after: 88.7 MB.

Unloading 12 unused Assets to reduce memory usage. Loaded Objects now: 2372.
Total: 4.314300 ms (FindLiveObjects: 0.266700 ms CreateObjectMapping: 0.149100 ms MarkObjects: 3.746000 ms  DeleteObjects: 0.151100 ms)

========================================================================
Received Prepare
Registering precompiled user dll's ...
Registered in 0.001070 seconds.
Begin MonoManager ReloadAssembly
Native extension for WindowsStandalone target not found
Native extension for WebGL target not found
Refreshing native plugins compatible for Editor in 0.83 ms, found 1 plugins.
Preloading 0 native plugins for Editor in 0.00 ms.
Invoked RoslynAnalysisRunner static constructor.
RoslynAnalysisRunner will not be running.
RoslynAnalysisRunner has terminated.
Mono: successfully reloaded assembly
- Completed reload, in  1.305 seconds
Platform modules already initialized, skipping
Refreshing native plugins compatible for Editor in 0.45 ms, found 1 plugins.
Preloading 0 native plugins for Editor in 0.00 ms.
Unloading 1819 Unused Serialized files (Serialized files now loaded: 0)
System memory in use before: 88.7 MB.
System memory in use after: 88.7 MB.

Unloading 12 unused Assets to reduce memory usage. Loaded Objects now: 2376.
Total: 2.781200 ms (FindLiveObjects: 0.288700 ms CreateObjectMapping: 0.202900 ms MarkObjects: 2.168700 ms  DeleteObjects: 0.119700 ms)

========================================================================
Received Import Request.
  Time since last request: 458.458258 seconds.
  path: Assets/Scripts/Testing/EnemyWalker.cs
  artifactKey: Guid(ddb5c33d64703a34384726a617244976) Importer(815301076,1909f56bfc062723c751e8b465ee728b)
Start importing Assets/Scripts/Testing/EnemyWalker.cs using Guid(ddb5c33d64703a34384726a617244976) Importer(815301076,1909f56bfc062723c751e8b465ee728b)  -> (artifact id: '82a0b65d643a3d7a4c0c24a249b097ed') in 0.018390 seconds
  Import took 0.044724 seconds .

========================================================================
Received Prepare
Registering precompiled user dll's ...
Registered in 0.001134 seconds.
Begin MonoManager ReloadAssembly
Native extension for WindowsStandalone target not found
Native extension for WebGL target not found
Refreshing native plugins compatible for Editor in 0.40 ms, found 1 plugins.
Preloading 0 native plugins for Editor in 0.00 ms.
Invoked RoslynAnalysisRunner static constructor.
RoslynAnalysisRunner will not be running.
RoslynAnalysisRunner has terminated.
Mono: successfully reloaded assembly
- Completed reload, in  1.661 seconds
Platform modules already initialized, skipping
Refreshing native plugins compatible for Editor in 0.41 ms, found 1 plugins.
Preloading 0 native plugins for Editor in 0.00 ms.
Unloading 1820 Unused Serialized files (Serialized files now loaded: 0)
System memory in use before: 88.7 MB.
System memory in use after: 88.7 MB.

Unloading 12 unused Assets to reduce memory usage. Loaded Objects now: 2381.
Total: 2.647100 ms (FindLiveObjects: 0.359200 ms CreateObjectMapping: 0.161000 ms MarkObjects: 1.998600 ms  DeleteObjects: 0.127000 ms)

========================================================================
Received Prepare
Registering precompiled user dll's ...
Registered in 0.007415 seconds.
Begin MonoManager ReloadAssembly
Native extension for WindowsStandalone target not found
Native extension for WebGL target not found
Refreshing native plugins compatible for Editor in 0.40 ms, found 1 plugins.
Preloading 0 native plugins for Editor in 0.00 ms.
Invoked RoslynAnalysisRunner static constructor.
RoslynAnalysisRunner will not be running.
RoslynAnalysisRunner has terminated.
Mono: successfully reloaded assembly
- Completed reload, in  1.132 seconds
Platform modules already initialized, skipping
Refreshing native plugins compatible for Editor in 0.38 ms, found 1 plugins.
Preloading 0 native plugins for Editor in 0.00 ms.
Unloading 1820 Unused Serialized files (Serialized files now loaded: 0)
System memory in use before: 88.8 MB.
System memory in use after: 88.7 MB.

Unloading 12 unused Assets to reduce memory usage. Loaded Objects now: 2385.
Total: 2.939300 ms (FindLiveObjects: 0.385700 ms CreateObjectMapping: 0.204000 ms MarkObjects: 2.200900 ms  DeleteObjects: 0.147000 ms)

========================================================================
Received Import Request.
  Time since last request: 65.935500 seconds.
  path: Assets/Scripts/Testing/EnemyWalker.cs
  artifactKey: Guid(ddb5c33d64703a34384726a617244976) Importer(815301076,1909f56bfc062723c751e8b465ee728b)
Start importing Assets/Scripts/Testing/EnemyWalker.cs using Guid(ddb5c33d64703a34384726a617244976) Importer(815301076,1909f56bfc062723c751e8b465ee728b)  -> (artifact id: '54bdd9ea6cc88c5c30f4bec43c1c6645') in 0.004996 seconds
  Import took 0.009222 seconds .

========================================================================
Received Prepare
Registering precompiled user dll's ...
Registered in 0.001088 seconds.
Begin MonoManager ReloadAssembly
Native extension for WindowsStandalone target not found
Native extension for WebGL target not found
Refreshing native plugins compatible for Editor in 0.47 ms, found 1 plugins.
Preloading 0 native plugins for Editor in 0.00 ms.
Invoked RoslynAnalysisRunner static constructor.
RoslynAnalysisRunner will not be running.
RoslynAnalysisRunner has terminated.
Mono: successfully reloaded assembly
- Completed reload, in  1.143 seconds
Platform modules already initialized, skipping
Refreshing native plugins compatible for Editor in 0.38 ms, found 1 plugins.
Preloading 0 native plugins for Editor in 0.00 ms.
Unloading 1820 Unused Serialized files (Serialized files now loaded: 0)
System memory in use before: 88.8 MB.
System memory in use after: 88.7 MB.

Unloading 12 unused Assets to reduce memory usage. Loaded Objects now: 2389.
Total: 2.605200 ms (FindLiveObjects: 0.315000 ms CreateObjectMapping: 0.147900 ms MarkObjects: 2.010700 ms  DeleteObjects: 0.129900 ms)

========================================================================
Received Prepare
Registering precompiled user dll's ...
Registered in 0.001339 seconds.
Begin MonoManager ReloadAssembly
Native extension for WindowsStandalone target not found
Native extension for WebGL target not found
Refreshing native plugins compatible for Editor in 0.39 ms, found 1 plugins.
Preloading 0 native plugins for Editor in 0.00 ms.
Invoked RoslynAnalysisRunner static constructor.
RoslynAnalysisRunner will not be running.
RoslynAnalysisRunner has terminated.
Mono: successfully reloaded assembly
- Completed reload, in  1.271 seconds
Platform modules already initialized, skipping
Refreshing native plugins compatible for Editor in 0.40 ms, found 1 plugins.
Preloading 0 native plugins for Editor in 0.00 ms.
Unloading 1820 Unused Serialized files (Serialized files now loaded: 0)
System memory in use before: 88.8 MB.
System memory in use after: 88.8 MB.

Unloading 12 unused Assets to reduce memory usage. Loaded Objects now: 2393.
Total: 2.583600 ms (FindLiveObjects: 0.249400 ms CreateObjectMapping: 0.141800 ms MarkObjects: 2.052000 ms  DeleteObjects: 0.139000 ms)

========================================================================
Received Prepare
Registering precompiled user dll's ...
Registered in 0.001142 seconds.
Begin MonoManager ReloadAssembly
Native extension for WindowsStandalone target not found
Native extension for WebGL target not found
Refreshing native plugins compatible for Editor in 0.42 ms, found 1 plugins.
Preloading 0 native plugins for Editor in 0.00 ms.
Invoked RoslynAnalysisRunner static constructor.
RoslynAnalysisRunner will not be running.
RoslynAnalysisRunner has terminated.
Mono: successfully reloaded assembly
- Completed reload, in  1.157 seconds
Platform modules already initialized, skipping
Refreshing native plugins compatible for Editor in 0.39 ms, found 1 plugins.
Preloading 0 native plugins for Editor in 0.00 ms.
Unloading 1820 Unused Serialized files (Serialized files now loaded: 0)
System memory in use before: 88.8 MB.
System memory in use after: 88.8 MB.

Unloading 12 unused Assets to reduce memory usage. Loaded Objects now: 2397.
Total: 2.541900 ms (FindLiveObjects: 0.240400 ms CreateObjectMapping: 0.150300 ms MarkObjects: 2.005400 ms  DeleteObjects: 0.144800 ms)

========================================================================
Received Prepare
Registering precompiled user dll's ...
Registered in 0.001164 seconds.
Begin MonoManager ReloadAssembly
Native extension for WindowsStandalone target not found
Native extension for WebGL target not found
Refreshing native plugins compatible for Editor in 0.48 ms, found 1 plugins.
Preloading 0 native plugins for Editor in 0.00 ms.
Invoked RoslynAnalysisRunner static constructor.
RoslynAnalysisRunner will not be running.
RoslynAnalysisRunner has terminated.
Mono: successfully reloaded assembly
- Completed reload, in  1.179 seconds
Platform modules already initialized, skipping
Refreshing native plugins compatible for Editor in 0.41 ms, found 1 plugins.
Preloading 0 native plugins for Editor in 0.00 ms.
Unloading 1820 Unused Serialized files (Serialized files now loaded: 0)
System memory in use before: 88.8 MB.
System memory in use after: 88.8 MB.

Unloading 12 unused Assets to reduce memory usage. Loaded Objects now: 2401.
Total: 2.468600 ms (FindLiveObjects: 0.241000 ms CreateObjectMapping: 0.142300 ms MarkObjects: 1.962700 ms  DeleteObjects: 0.121500 ms)

========================================================================
Received Prepare
Registering precompiled user dll's ...
Registered in 0.001083 seconds.
Begin MonoManager ReloadAssembly
Native extension for WindowsStandalone target not found
Native extension for WebGL target not found
Refreshing native plugins compatible for Editor in 0.67 ms, found 1 plugins.
Preloading 0 native plugins for Editor in 0.00 ms.
Invoked RoslynAnalysisRunner static constructor.
RoslynAnalysisRunner will not be running.
RoslynAnalysisRunner has terminated.
Mono: successfully reloaded assembly
- Completed reload, in  1.214 seconds
Platform modules already initialized, skipping
Refreshing native plugins compatible for Editor in 0.40 ms, found 1 plugins.
Preloading 0 native plugins for Editor in 0.00 ms.
Unloading 1820 Unused Serialized files (Serialized files now loaded: 0)
System memory in use before: 88.8 MB.
System memory in use after: 88.8 MB.

Unloading 12 unused Assets to reduce memory usage. Loaded Objects now: 2405.
Total: 2.466900 ms (FindLiveObjects: 0.238700 ms CreateObjectMapping: 0.133400 ms MarkObjects: 1.979800 ms  DeleteObjects: 0.113800 ms)

========================================================================
Received Prepare
Registering precompiled user dll's ...
Registered in 0.001455 seconds.
Begin MonoManager ReloadAssembly
Native extension for WindowsStandalone target not found
Native extension for WebGL target not found
Refreshing native plugins compatible for Editor in 0.42 ms, found 1 plugins.
Preloading 0 native plugins for Editor in 0.00 ms.
Invoked RoslynAnalysisRunner static constructor.
RoslynAnalysisRunner will not be running.
RoslynAnalysisRunner has terminated.
Mono: successfully reloaded assembly
- Completed reload, in  1.039 seconds
Platform modules already initialized, skipping
Refreshing native plugins compatible for Editor in 0.51 ms, found 1 plugins.
Preloading 0 native plugins for Editor in 0.00 ms.
Unloading 1820 Unused Serialized files (Serialized files now loaded: 0)
System memory in use before: 88.8 MB.
System memory in use after: 88.8 MB.

Unloading 12 unused Assets to reduce memory usage. Loaded Objects now: 2409.
Total: 5.385700 ms (FindLiveObjects: 0.245000 ms CreateObjectMapping: 0.128300 ms MarkObjects: 4.876700 ms  DeleteObjects: 0.134300 ms)

========================================================================
Received Import Request.
  Time since last request: 469.998758 seconds.
  path: Assets/Animations/Red1.controller
  artifactKey: Guid(37c2a37adc2b7d94997df1d1bf0161e0) Importer(815301076,1909f56bfc062723c751e8b465ee728b)
Start importing Assets/Animations/Red1.controller using Guid(37c2a37adc2b7d94997df1d1bf0161e0) Importer(815301076,1909f56bfc062723c751e8b465ee728b)  -> (artifact id: '9343871e1699c4fad9c03c638348fae2') in 0.018059 seconds
  Import took 0.038984 seconds .

========================================================================
Received Prepare
Registering precompiled user dll's ...
Registered in 0.002107 seconds.
Begin MonoManager ReloadAssembly
Native extension for WindowsStandalone target not found
Native extension for WebGL target not found
Refreshing native plugins compatible for Editor in 0.39 ms, found 1 plugins.
Preloading 0 native plugins for Editor in 0.00 ms.
Invoked RoslynAnalysisRunner static constructor.
RoslynAnalysisRunner will not be running.
RoslynAnalysisRunner has terminated.
Mono: successfully reloaded assembly
- Completed reload, in  1.137 seconds
Platform modules already initialized, skipping
Refreshing native plugins compatible for Editor in 0.42 ms, found 1 plugins.
Preloading 0 native plugins for Editor in 0.00 ms.
Unloading 1820 Unused Serialized files (Serialized files now loaded: 0)
System memory in use before: 88.8 MB.
System memory in use after: 88.8 MB.

Unloading 12 unused Assets to reduce memory usage. Loaded Objects now: 2413.
Total: 2.616600 ms (FindLiveObjects: 0.238900 ms CreateObjectMapping: 0.130500 ms MarkObjects: 2.095800 ms  DeleteObjects: 0.150700 ms)

========================================================================
Received Prepare
Registering precompiled user dll's ...
Registered in 0.001179 seconds.
Begin MonoManager ReloadAssembly
Native extension for WindowsStandalone target not found
Native extension for WebGL target not found
Refreshing native plugins compatible for Editor in 0.41 ms, found 1 plugins.
Preloading 0 native plugins for Editor in 0.00 ms.
Invoked RoslynAnalysisRunner static constructor.
RoslynAnalysisRunner will not be running.
RoslynAnalysisRunner has terminated.
Mono: successfully reloaded assembly
- Completed reload, in  1.097 seconds
Platform modules already initialized, skipping
Refreshing native plugins compatible for Editor in 0.47 ms, found 1 plugins.
Preloading 0 native plugins for Editor in 0.00 ms.
Unloading 1820 Unused Serialized files (Serialized files now loaded: 0)
System memory in use before: 88.8 MB.
System memory in use after: 88.8 MB.

Unloading 12 unused Assets to reduce memory usage. Loaded Objects now: 2417.
Total: 2.454900 ms (FindLiveObjects: 0.251500 ms CreateObjectMapping: 0.144700 ms MarkObjects: 1.934000 ms  DeleteObjects: 0.123500 ms)

========================================================================
Received Prepare
Registering precompiled user dll's ...
Registered in 0.001219 seconds.
Begin MonoManager ReloadAssembly
Native extension for WindowsStandalone target not found
Native extension for WebGL target not found
Refreshing native plugins compatible for Editor in 0.40 ms, found 1 plugins.
Preloading 0 native plugins for Editor in 0.00 ms.
Invoked RoslynAnalysisRunner static constructor.
RoslynAnalysisRunner will not be running.
RoslynAnalysisRunner has terminated.
Mono: successfully reloaded assembly
- Completed reload, in  1.028 seconds
Platform modules already initialized, skipping
Refreshing native plugins compatible for Editor in 0.40 ms, found 1 plugins.
Preloading 0 native plugins for Editor in 0.00 ms.
Unloading 1820 Unused Serialized files (Serialized files now loaded: 0)
System memory in use before: 88.8 MB.
System memory in use after: 88.8 MB.

Unloading 12 unused Assets to reduce memory usage. Loaded Objects now: 2421.
Total: 2.733300 ms (FindLiveObjects: 0.242000 ms CreateObjectMapping: 0.126900 ms MarkObjects: 2.200600 ms  DeleteObjects: 0.162500 ms)

========================================================================
Received Prepare
Registering precompiled user dll's ...
Registered in 0.001142 seconds.
Begin MonoManager ReloadAssembly
Native extension for WindowsStandalone target not found
Native extension for WebGL target not found
Refreshing native plugins compatible for Editor in 0.40 ms, found 1 plugins.
Preloading 0 native plugins for Editor in 0.00 ms.
Invoked RoslynAnalysisRunner static constructor.
RoslynAnalysisRunner will not be running.
RoslynAnalysisRunner has terminated.
Mono: successfully reloaded assembly
- Completed reload, in  1.076 seconds
Platform modules already initialized, skipping
Refreshing native plugins compatible for Editor in 0.48 ms, found 1 plugins.
Preloading 0 native plugins for Editor in 0.00 ms.
Unloading 1820 Unused Serialized files (Serialized files now loaded: 0)
System memory in use before: 88.8 MB.
System memory in use after: 88.8 MB.

Unloading 12 unused Assets to reduce memory usage. Loaded Objects now: 2425.
Total: 3.045500 ms (FindLiveObjects: 0.323800 ms CreateObjectMapping: 0.189900 ms MarkObjects: 2.384700 ms  DeleteObjects: 0.145600 ms)

========================================================================
Received Prepare
Registering precompiled user dll's ...
Registered in 0.001156 seconds.
Begin MonoManager ReloadAssembly
Native extension for WindowsStandalone target not found
Native extension for WebGL target not found
Refreshing native plugins compatible for Editor in 0.38 ms, found 1 plugins.
Preloading 0 native plugins for Editor in 0.00 ms.
Invoked RoslynAnalysisRunner static constructor.
RoslynAnalysisRunner will not be running.
RoslynAnalysisRunner has terminated.
Mono: successfully reloaded assembly
- Completed reload, in  0.996 seconds
Platform modules already initialized, skipping
Refreshing native plugins compatible for Editor in 0.38 ms, found 1 plugins.
Preloading 0 native plugins for Editor in 0.00 ms.
Unloading 1820 Unused Serialized files (Serialized files now loaded: 0)
System memory in use before: 88.9 MB.
System memory in use after: 88.8 MB.

Unloading 12 unused Assets to reduce memory usage. Loaded Objects now: 2429.
Total: 2.631400 ms (FindLiveObjects: 0.250800 ms CreateObjectMapping: 0.136300 ms MarkObjects: 2.118300 ms  DeleteObjects: 0.124800 ms)

========================================================================
Received Prepare
Registering precompiled user dll's ...
Registered in 0.001272 seconds.
Begin MonoManager ReloadAssembly
Native extension for WindowsStandalone target not found
Native extension for WebGL target not found
Refreshing native plugins compatible for Editor in 0.38 ms, found 1 plugins.
Preloading 0 native plugins for Editor in 0.00 ms.
Invoked RoslynAnalysisRunner static constructor.
RoslynAnalysisRunner will not be running.
RoslynAnalysisRunner has terminated.
Mono: successfully reloaded assembly
- Completed reload, in  1.029 seconds
Platform modules already initialized, skipping
Refreshing native plugins compatible for Editor in 0.48 ms, found 1 plugins.
Preloading 0 native plugins for Editor in 0.00 ms.
Unloading 1820 Unused Serialized files (Serialized files now loaded: 0)
System memory in use before: 88.9 MB.
System memory in use after: 88.8 MB.

Unloading 12 unused Assets to reduce memory usage. Loaded Objects now: 2433.
Total: 2.414500 ms (FindLiveObjects: 0.257100 ms CreateObjectMapping: 0.122500 ms MarkObjects: 1.918100 ms  DeleteObjects: 0.115800 ms)

========================================================================
Received Prepare
Registering precompiled user dll's ...
Registered in 0.001268 seconds.
Begin MonoManager ReloadAssembly
Native extension for WindowsStandalone target not found
Native extension for WebGL target not found
Refreshing native plugins compatible for Editor in 0.38 ms, found 1 plugins.
Preloading 0 native plugins for Editor in 0.00 ms.
Invoked RoslynAnalysisRunner static constructor.
RoslynAnalysisRunner will not be running.
RoslynAnalysisRunner has terminated.
Mono: successfully reloaded assembly
- Completed reload, in  0.953 seconds
Platform modules already initialized, skipping
Refreshing native plugins compatible for Editor in 0.39 ms, found 1 plugins.
Preloading 0 native plugins for Editor in 0.00 ms.
Unloading 1820 Unused Serialized files (Serialized files now loaded: 0)
System memory in use before: 88.9 MB.
System memory in use after: 88.9 MB.

Unloading 12 unused Assets to reduce memory usage. Loaded Objects now: 2437.
Total: 2.756900 ms (FindLiveObjects: 0.257100 ms CreateObjectMapping: 0.157500 ms MarkObjects: 2.202600 ms  DeleteObjects: 0.138300 ms)

========================================================================
Received Prepare
Registering precompiled user dll's ...
Registered in 0.001190 seconds.
Begin MonoManager ReloadAssembly
Native extension for WindowsStandalone target not found
Native extension for WebGL target not found
Refreshing native plugins compatible for Editor in 0.46 ms, found 1 plugins.
Preloading 0 native plugins for Editor in 0.00 ms.
Invoked RoslynAnalysisRunner static constructor.
RoslynAnalysisRunner will not be running.
RoslynAnalysisRunner has terminated.
Mono: successfully reloaded assembly
- Completed reload, in  0.972 seconds
Platform modules already initialized, skipping
Refreshing native plugins compatible for Editor in 0.37 ms, found 1 plugins.
Preloading 0 native plugins for Editor in 0.00 ms.
Unloading 1820 Unused Serialized files (Serialized files now loaded: 0)
System memory in use before: 88.9 MB.
System memory in use after: 88.9 MB.

Unloading 12 unused Assets to reduce memory usage. Loaded Objects now: 2441.
Total: 2.904500 ms (FindLiveObjects: 0.289600 ms CreateObjectMapping: 0.228800 ms MarkObjects: 2.242200 ms  DeleteObjects: 0.142900 ms)

========================================================================
Received Prepare
Registering precompiled user dll's ...
Registered in 0.001028 seconds.
Begin MonoManager ReloadAssembly
Native extension for WindowsStandalone target not found
Native extension for WebGL target not found
Refreshing native plugins compatible for Editor in 0.40 ms, found 1 plugins.
Preloading 0 native plugins for Editor in 0.00 ms.
Invoked RoslynAnalysisRunner static constructor.
RoslynAnalysisRunner will not be running.
RoslynAnalysisRunner has terminated.
Mono: successfully reloaded assembly
- Completed reload, in  0.983 seconds
Platform modules already initialized, skipping
Refreshing native plugins compatible for Editor in 0.39 ms, found 1 plugins.
Preloading 0 native plugins for Editor in 0.00 ms.
Unloading 1820 Unused Serialized files (Serialized files now loaded: 0)
System memory in use before: 88.9 MB.
System memory in use after: 88.9 MB.

Unloading 12 unused Assets to reduce memory usage. Loaded Objects now: 2445.
Total: 2.614300 ms (FindLiveObjects: 0.246600 ms CreateObjectMapping: 0.130500 ms MarkObjects: 2.091000 ms  DeleteObjects: 0.145000 ms)

========================================================================
Received Prepare
Registering precompiled user dll's ...
Registered in 0.001178 seconds.
Begin MonoManager ReloadAssembly
Native extension for WindowsStandalone target not found
Native extension for WebGL target not found
Refreshing native plugins compatible for Editor in 0.40 ms, found 1 plugins.
Preloading 0 native plugins for Editor in 0.00 ms.
Invoked RoslynAnalysisRunner static constructor.
RoslynAnalysisRunner will not be running.
RoslynAnalysisRunner has terminated.
Mono: successfully reloaded assembly
- Completed reload, in  1.003 seconds
Platform modules already initialized, skipping
Refreshing native plugins compatible for Editor in 0.38 ms, found 1 plugins.
Preloading 0 native plugins for Editor in 0.00 ms.
Unloading 1820 Unused Serialized files (Serialized files now loaded: 0)
System memory in use before: 88.9 MB.
System memory in use after: 88.9 MB.

Unloading 12 unused Assets to reduce memory usage. Loaded Objects now: 2449.
Total: 2.486000 ms (FindLiveObjects: 0.254400 ms CreateObjectMapping: 0.143200 ms MarkObjects: 1.965100 ms  DeleteObjects: 0.122300 ms)

========================================================================
Received Prepare
Registering precompiled user dll's ...
Registered in 0.001171 seconds.
Begin MonoManager ReloadAssembly
Native extension for WindowsStandalone target not found
Native extension for WebGL target not found
Refreshing native plugins compatible for Editor in 0.39 ms, found 1 plugins.
Preloading 0 native plugins for Editor in 0.00 ms.
Invoked RoslynAnalysisRunner static constructor.
RoslynAnalysisRunner will not be running.
RoslynAnalysisRunner has terminated.
Mono: successfully reloaded assembly
- Completed reload, in  0.961 seconds
Platform modules already initialized, skipping
Refreshing native plugins compatible for Editor in 0.37 ms, found 1 plugins.
Preloading 0 native plugins for Editor in 0.00 ms.
Unloading 1820 Unused Serialized files (Serialized files now loaded: 0)
System memory in use before: 88.9 MB.
System memory in use after: 88.9 MB.

Unloading 12 unused Assets to reduce memory usage. Loaded Objects now: 2453.
Total: 2.647100 ms (FindLiveObjects: 0.235200 ms CreateObjectMapping: 0.125300 ms MarkObjects: 2.125400 ms  DeleteObjects: 0.148900 ms)

========================================================================
Received Prepare
Registering precompiled user dll's ...
Registered in 0.001388 seconds.
Begin MonoManager ReloadAssembly
Native extension for WindowsStandalone target not found
Native extension for WebGL target not found
Refreshing native plugins compatible for Editor in 0.38 ms, found 1 plugins.
Preloading 0 native plugins for Editor in 0.00 ms.
Invoked RoslynAnalysisRunner static constructor.
RoslynAnalysisRunner will not be running.
RoslynAnalysisRunner has terminated.
Mono: successfully reloaded assembly
- Completed reload, in  1.000 seconds
Platform modules already initialized, skipping
Refreshing native plugins compatible for Editor in 0.42 ms, found 1 plugins.
Preloading 0 native plugins for Editor in 0.00 ms.
Unloading 1820 Unused Serialized files (Serialized files now loaded: 0)
System memory in use before: 88.9 MB.
System memory in use after: 88.9 MB.

Unloading 12 unused Assets to reduce memory usage. Loaded Objects now: 2457.
Total: 3.212500 ms (FindLiveObjects: 0.375000 ms CreateObjectMapping: 0.218100 ms MarkObjects: 2.421800 ms  DeleteObjects: 0.195600 ms)

========================================================================
Received Import Request.
  Time since last request: 1067.808763 seconds.
  path: Assets/Scripts/Testing/BatEnemy.cs
  artifactKey: Guid(8e5a681560e77a048ac1b0582fa596e1) Importer(815301076,1909f56bfc062723c751e8b465ee728b)
Start importing Assets/Scripts/Testing/BatEnemy.cs using Guid(8e5a681560e77a048ac1b0582fa596e1) Importer(815301076,1909f56bfc062723c751e8b465ee728b)  -> (artifact id: 'ce880970473c1a30df77ca79262e7a05') in 0.005350 seconds
  Import took 0.008793 seconds .

========================================================================
Received Prepare
Registering precompiled user dll's ...
Registered in 0.001456 seconds.
Begin MonoManager ReloadAssembly
Native extension for WindowsStandalone target not found
Native extension for WebGL target not found
Refreshing native plugins compatible for Editor in 0.38 ms, found 1 plugins.
Preloading 0 native plugins for Editor in 0.00 ms.
Invoked RoslynAnalysisRunner static constructor.
RoslynAnalysisRunner will not be running.
RoslynAnalysisRunner has terminated.
Mono: successfully reloaded assembly
- Completed reload, in  1.008 seconds
Platform modules already initialized, skipping
Refreshing native plugins compatible for Editor in 0.37 ms, found 1 plugins.
Preloading 0 native plugins for Editor in 0.00 ms.
Unloading 1820 Unused Serialized files (Serialized files now loaded: 0)
System memory in use before: 88.9 MB.
System memory in use after: 88.9 MB.

Unloading 12 unused Assets to reduce memory usage. Loaded Objects now: 2461.
Total: 2.684700 ms (FindLiveObjects: 0.231900 ms CreateObjectMapping: 0.126100 ms MarkObjects: 2.159700 ms  DeleteObjects: 0.148800 ms)

========================================================================
Received Prepare
Registering precompiled user dll's ...
Registered in 0.001195 seconds.
Begin MonoManager ReloadAssembly
Native extension for WindowsStandalone target not found
Native extension for WebGL target not found
Refreshing native plugins compatible for Editor in 0.42 ms, found 1 plugins.
Preloading 0 native plugins for Editor in 0.00 ms.
Invoked RoslynAnalysisRunner static constructor.
RoslynAnalysisRunner will not be running.
RoslynAnalysisRunner has terminated.
Mono: successfully reloaded assembly
- Completed reload, in  1.006 seconds
Platform modules already initialized, skipping
Refreshing native plugins compatible for Editor in 0.45 ms, found 1 plugins.
Preloading 0 native plugins for Editor in 0.00 ms.
Unloading 1820 Unused Serialized files (Serialized files now loaded: 0)
System memory in use before: 88.9 MB.
System memory in use after: 88.9 MB.

Unloading 12 unused Assets to reduce memory usage. Loaded Objects now: 2465.
Total: 2.689400 ms (FindLiveObjects: 0.291300 ms CreateObjectMapping: 0.128400 ms MarkObjects: 2.119500 ms  DeleteObjects: 0.149000 ms)

========================================================================
Received Prepare
Registering precompiled user dll's ...
Registered in 0.001190 seconds.
Begin MonoManager ReloadAssembly
Native extension for WindowsStandalone target not found
Native extension for WebGL target not found
Refreshing native plugins compatible for Editor in 0.39 ms, found 1 plugins.
Preloading 0 native plugins for Editor in 0.00 ms.
Invoked RoslynAnalysisRunner static constructor.
RoslynAnalysisRunner will not be running.
RoslynAnalysisRunner has terminated.
Mono: successfully reloaded assembly
- Completed reload, in  1.068 seconds
Platform modules already initialized, skipping
Refreshing native plugins compatible for Editor in 0.37 ms, found 1 plugins.
Preloading 0 native plugins for Editor in 0.00 ms.
Unloading 1820 Unused Serialized files (Serialized files now loaded: 0)
System memory in use before: 88.9 MB.
System memory in use after: 88.9 MB.

Unloading 12 unused Assets to reduce memory usage. Loaded Objects now: 2469.
Total: 2.791200 ms (FindLiveObjects: 0.248900 ms CreateObjectMapping: 0.127300 ms MarkObjects: 2.233100 ms  DeleteObjects: 0.180800 ms)

========================================================================
Received Prepare
Registering precompiled user dll's ...
Registered in 0.001268 seconds.
Begin MonoManager ReloadAssembly
Native extension for WindowsStandalone target not found
Native extension for WebGL target not found
Refreshing native plugins compatible for Editor in 0.39 ms, found 1 plugins.
Preloading 0 native plugins for Editor in 0.00 ms.
Invoked RoslynAnalysisRunner static constructor.
RoslynAnalysisRunner will not be running.
RoslynAnalysisRunner has terminated.
Mono: successfully reloaded assembly
- Completed reload, in  1.128 seconds
Platform modules already initialized, skipping
Refreshing native plugins compatible for Editor in 0.37 ms, found 1 plugins.
Preloading 0 native plugins for Editor in 0.00 ms.
Unloading 1820 Unused Serialized files (Serialized files now loaded: 0)
System memory in use before: 89.0 MB.
System memory in use after: 88.9 MB.

Unloading 12 unused Assets to reduce memory usage. Loaded Objects now: 2473.
Total: 3.578600 ms (FindLiveObjects: 0.428300 ms CreateObjectMapping: 0.244200 ms MarkObjects: 2.751100 ms  DeleteObjects: 0.137700 ms)

========================================================================
Received Prepare
Registering precompiled user dll's ...
Registered in 0.001808 seconds.
Begin MonoManager ReloadAssembly
Native extension for WindowsStandalone target not found
Native extension for WebGL target not found
Refreshing native plugins compatible for Editor in 0.82 ms, found 1 plugins.
Preloading 0 native plugins for Editor in 0.00 ms.
Invoked RoslynAnalysisRunner static constructor.
RoslynAnalysisRunner will not be running.
RoslynAnalysisRunner has terminated.
Mono: successfully reloaded assembly
- Completed reload, in  1.118 seconds
Platform modules already initialized, skipping
Refreshing native plugins compatible for Editor in 0.44 ms, found 1 plugins.
Preloading 0 native plugins for Editor in 0.00 ms.
Unloading 1820 Unused Serialized files (Serialized files now loaded: 0)
System memory in use before: 89.0 MB.
System memory in use after: 88.9 MB.

Unloading 12 unused Assets to reduce memory usage. Loaded Objects now: 2477.
Total: 2.662500 ms (FindLiveObjects: 0.273800 ms CreateObjectMapping: 0.159700 ms MarkObjects: 2.100500 ms  DeleteObjects: 0.127600 ms)

========================================================================
Received Prepare
Registering precompiled user dll's ...
Registered in 0.001266 seconds.
Begin MonoManager ReloadAssembly
Native extension for WindowsStandalone target not found
Native extension for WebGL target not found
Refreshing native plugins compatible for Editor in 0.39 ms, found 1 plugins.
Preloading 0 native plugins for Editor in 0.00 ms.
Invoked RoslynAnalysisRunner static constructor.
RoslynAnalysisRunner will not be running.
RoslynAnalysisRunner has terminated.
Mono: successfully reloaded assembly
- Completed reload, in  1.057 seconds
Platform modules already initialized, skipping
Refreshing native plugins compatible for Editor in 0.42 ms, found 1 plugins.
Preloading 0 native plugins for Editor in 0.00 ms.
Unloading 1820 Unused Serialized files (Serialized files now loaded: 0)
System memory in use before: 88.9 MB.
System memory in use after: 88.9 MB.

Unloading 12 unused Assets to reduce memory usage. Loaded Objects now: 2481.
Total: 3.381100 ms (FindLiveObjects: 0.429400 ms CreateObjectMapping: 0.273200 ms MarkObjects: 2.498700 ms  DeleteObjects: 0.177800 ms)

========================================================================
Received Prepare
Registering precompiled user dll's ...
Registered in 0.001136 seconds.
Begin MonoManager ReloadAssembly
Native extension for WindowsStandalone target not found
Native extension for WebGL target not found
Refreshing native plugins compatible for Editor in 0.40 ms, found 1 plugins.
Preloading 0 native plugins for Editor in 0.00 ms.
Invoked RoslynAnalysisRunner static constructor.
RoslynAnalysisRunner will not be running.
RoslynAnalysisRunner has terminated.
Mono: successfully reloaded assembly
- Completed reload, in  1.143 seconds
Platform modules already initialized, skipping
Refreshing native plugins compatible for Editor in 0.39 ms, found 1 plugins.
Preloading 0 native plugins for Editor in 0.00 ms.
Unloading 1820 Unused Serialized files (Serialized files now loaded: 0)
System memory in use before: 89.0 MB.
System memory in use after: 88.9 MB.

Unloading 12 unused Assets to reduce memory usage. Loaded Objects now: 2485.
Total: 2.534700 ms (FindLiveObjects: 0.292200 ms CreateObjectMapping: 0.140200 ms MarkObjects: 1.971900 ms  DeleteObjects: 0.129100 ms)

========================================================================
Received Prepare
Registering precompiled user dll's ...
Registered in 0.001116 seconds.
Begin MonoManager ReloadAssembly
Native extension for WindowsStandalone target not found
Native extension for WebGL target not found
Refreshing native plugins compatible for Editor in 0.51 ms, found 1 plugins.
Preloading 0 native plugins for Editor in 0.00 ms.
Invoked RoslynAnalysisRunner static constructor.
RoslynAnalysisRunner will not be running.
RoslynAnalysisRunner has terminated.
Mono: successfully reloaded assembly
- Completed reload, in  1.231 seconds
Platform modules already initialized, skipping
Refreshing native plugins compatible for Editor in 0.38 ms, found 1 plugins.
Preloading 0 native plugins for Editor in 0.00 ms.
Unloading 1820 Unused Serialized files (Serialized files now loaded: 0)
System memory in use before: 89.0 MB.
System memory in use after: 88.9 MB.

Unloading 12 unused Assets to reduce memory usage. Loaded Objects now: 2489.
Total: 2.956700 ms (FindLiveObjects: 0.294100 ms CreateObjectMapping: 0.159900 ms MarkObjects: 2.366500 ms  DeleteObjects: 0.134100 ms)

========================================================================
Received Prepare
Registering precompiled user dll's ...
Registered in 0.001183 seconds.
Begin MonoManager ReloadAssembly
Native extension for WindowsStandalone target not found
Native extension for WebGL target not found
Refreshing native plugins compatible for Editor in 0.42 ms, found 1 plugins.
Preloading 0 native plugins for Editor in 0.00 ms.
Invoked RoslynAnalysisRunner static constructor.
RoslynAnalysisRunner will not be running.
RoslynAnalysisRunner has terminated.
Mono: successfully reloaded assembly
- Completed reload, in  1.124 seconds
Platform modules already initialized, skipping
Refreshing native plugins compatible for Editor in 0.37 ms, found 1 plugins.
Preloading 0 native plugins for Editor in 0.00 ms.
Unloading 1820 Unused Serialized files (Serialized files now loaded: 0)
System memory in use before: 89.0 MB.
System memory in use after: 89.0 MB.

Unloading 12 unused Assets to reduce memory usage. Loaded Objects now: 2493.
Total: 2.944900 ms (FindLiveObjects: 0.351800 ms CreateObjectMapping: 0.227600 ms MarkObjects: 2.242800 ms  DeleteObjects: 0.120800 ms)

========================================================================
Received Prepare
Registering precompiled user dll's ...
Registered in 0.001054 seconds.
Begin MonoManager ReloadAssembly
Native extension for WindowsStandalone target not found
Native extension for WebGL target not found
Refreshing native plugins compatible for Editor in 0.39 ms, found 1 plugins.
Preloading 0 native plugins for Editor in 0.00 ms.
Invoked RoslynAnalysisRunner static constructor.
RoslynAnalysisRunner will not be running.
RoslynAnalysisRunner has terminated.
Mono: successfully reloaded assembly
- Completed reload, in  1.031 seconds
Platform modules already initialized, skipping
Refreshing native plugins compatible for Editor in 0.39 ms, found 1 plugins.
Preloading 0 native plugins for Editor in 0.00 ms.
Unloading 1820 Unused Serialized files (Serialized files now loaded: 0)
System memory in use before: 89.0 MB.
System memory in use after: 89.0 MB.

Unloading 12 unused Assets to reduce memory usage. Loaded Objects now: 2497.
Total: 2.520100 ms (FindLiveObjects: 0.275500 ms CreateObjectMapping: 0.138500 ms MarkObjects: 1.977000 ms  DeleteObjects: 0.127600 ms)

========================================================================
Received Prepare
Registering precompiled user dll's ...
Registered in 0.001146 seconds.
Begin MonoManager ReloadAssembly
Native extension for WindowsStandalone target not found
Native extension for WebGL target not found
Refreshing native plugins compatible for Editor in 0.51 ms, found 1 plugins.
Preloading 0 native plugins for Editor in 0.00 ms.
Invoked RoslynAnalysisRunner static constructor.
RoslynAnalysisRunner will not be running.
RoslynAnalysisRunner has terminated.
Mono: successfully reloaded assembly
- Completed reload, in  1.162 seconds
Platform modules already initialized, skipping
Refreshing native plugins compatible for Editor in 0.38 ms, found 1 plugins.
Preloading 0 native plugins for Editor in 0.00 ms.
Unloading 1820 Unused Serialized files (Serialized files now loaded: 0)
System memory in use before: 89.0 MB.
System memory in use after: 89.0 MB.

Unloading 12 unused Assets to reduce memory usage. Loaded Objects now: 2501.
Total: 2.707300 ms (FindLiveObjects: 0.331700 ms CreateObjectMapping: 0.181300 ms MarkObjects: 2.072300 ms  DeleteObjects: 0.120700 ms)

========================================================================
Received Prepare
Registering precompiled user dll's ...
Registered in 0.001099 seconds.
Begin MonoManager ReloadAssembly
Native extension for WindowsStandalone target not found
Native extension for WebGL target not found
Refreshing native plugins compatible for Editor in 0.38 ms, found 1 plugins.
Preloading 0 native plugins for Editor in 0.00 ms.
Invoked RoslynAnalysisRunner static constructor.
RoslynAnalysisRunner will not be running.
RoslynAnalysisRunner has terminated.
Mono: successfully reloaded assembly
- Completed reload, in  1.039 seconds
Platform modules already initialized, skipping
Refreshing native plugins compatible for Editor in 0.58 ms, found 1 plugins.
Preloading 0 native plugins for Editor in 0.00 ms.
Unloading 1820 Unused Serialized files (Serialized files now loaded: 0)
System memory in use before: 89.0 MB.
System memory in use after: 89.0 MB.

Unloading 12 unused Assets to reduce memory usage. Loaded Objects now: 2505.
Total: 4.641000 ms (FindLiveObjects: 0.340400 ms CreateObjectMapping: 0.258300 ms MarkObjects: 3.152600 ms  DeleteObjects: 0.887900 ms)

========================================================================
Received Prepare
Registering precompiled user dll's ...
Registered in 0.001063 seconds.
Begin MonoManager ReloadAssembly
Native extension for WindowsStandalone target not found
Native extension for WebGL target not found
Refreshing native plugins compatible for Editor in 0.43 ms, found 1 plugins.
Preloading 0 native plugins for Editor in 0.00 ms.
Invoked RoslynAnalysisRunner static constructor.
RoslynAnalysisRunner will not be running.
RoslynAnalysisRunner has terminated.
Mono: successfully reloaded assembly
- Completed reload, in  0.976 seconds
Platform modules already initialized, skipping
Refreshing native plugins compatible for Editor in 0.39 ms, found 1 plugins.
Preloading 0 native plugins for Editor in 0.00 ms.
Unloading 1820 Unused Serialized files (Serialized files now loaded: 0)
System memory in use before: 89.0 MB.
System memory in use after: 89.0 MB.

Unloading 12 unused Assets to reduce memory usage. Loaded Objects now: 2509.
Total: 2.614000 ms (FindLiveObjects: 0.261000 ms CreateObjectMapping: 0.140500 ms MarkObjects: 2.082800 ms  DeleteObjects: 0.128500 ms)

========================================================================
Received Prepare
Registering precompiled user dll's ...
Registered in 0.002124 seconds.
Begin MonoManager ReloadAssembly
Native extension for WindowsStandalone target not found
Native extension for WebGL target not found
Refreshing native plugins compatible for Editor in 0.40 ms, found 1 plugins.
Preloading 0 native plugins for Editor in 0.00 ms.
Invoked RoslynAnalysisRunner static constructor.
RoslynAnalysisRunner will not be running.
RoslynAnalysisRunner has terminated.
Mono: successfully reloaded assembly
- Completed reload, in  1.029 seconds
Platform modules already initialized, skipping
Refreshing native plugins compatible for Editor in 0.37 ms, found 1 plugins.
Preloading 0 native plugins for Editor in 0.00 ms.
Unloading 1820 Unused Serialized files (Serialized files now loaded: 0)
System memory in use before: 89.0 MB.
System memory in use after: 89.0 MB.

Unloading 12 unused Assets to reduce memory usage. Loaded Objects now: 2513.
Total: 2.608300 ms (FindLiveObjects: 0.290000 ms CreateObjectMapping: 0.146200 ms MarkObjects: 2.034800 ms  DeleteObjects: 0.136400 ms)

========================================================================
Received Prepare
Registering precompiled user dll's ...
Registered in 0.002665 seconds.
Begin MonoManager ReloadAssembly
Native extension for WindowsStandalone target not found
Native extension for WebGL target not found
Refreshing native plugins compatible for Editor in 0.37 ms, found 1 plugins.
Preloading 0 native plugins for Editor in 0.00 ms.
Invoked RoslynAnalysisRunner static constructor.
RoslynAnalysisRunner will not be running.
RoslynAnalysisRunner has terminated.
Mono: successfully reloaded assembly
- Completed reload, in  1.036 seconds
Platform modules already initialized, skipping
Refreshing native plugins compatible for Editor in 0.61 ms, found 1 plugins.
Preloading 0 native plugins for Editor in 0.00 ms.
Unloading 1820 Unused Serialized files (Serialized files now loaded: 0)
System memory in use before: 89.0 MB.
System memory in use after: 89.0 MB.

Unloading 12 unused Assets to reduce memory usage. Loaded Objects now: 2517.
Total: 2.713900 ms (FindLiveObjects: 0.291800 ms CreateObjectMapping: 0.164500 ms MarkObjects: 2.134300 ms  DeleteObjects: 0.122200 ms)

========================================================================
Received Prepare
Registering precompiled user dll's ...
Registered in 0.001379 seconds.
Begin MonoManager ReloadAssembly
Native extension for WindowsStandalone target not found
Native extension for WebGL target not found
Refreshing native plugins compatible for Editor in 0.40 ms, found 1 plugins.
Preloading 0 native plugins for Editor in 0.00 ms.
Invoked RoslynAnalysisRunner static constructor.
RoslynAnalysisRunner will not be running.
RoslynAnalysisRunner has terminated.
Mono: successfully reloaded assembly
- Completed reload, in  1.178 seconds
Platform modules already initialized, skipping
Refreshing native plugins compatible for Editor in 0.38 ms, found 1 plugins.
Preloading 0 native plugins for Editor in 0.00 ms.
Unloading 1820 Unused Serialized files (Serialized files now loaded: 0)
System memory in use before: 89.0 MB.
System memory in use after: 89.0 MB.

Unloading 12 unused Assets to reduce memory usage. Loaded Objects now: 2521.
Total: 2.731300 ms (FindLiveObjects: 0.271500 ms CreateObjectMapping: 0.128500 ms MarkObjects: 2.146000 ms  DeleteObjects: 0.183800 ms)

========================================================================
Received Prepare
Registering precompiled user dll's ...
Registered in 0.002233 seconds.
Begin MonoManager ReloadAssembly
Native extension for WindowsStandalone target not found
Native extension for WebGL target not found
Refreshing native plugins compatible for Editor in 0.39 ms, found 1 plugins.
Preloading 0 native plugins for Editor in 0.00 ms.
Invoked RoslynAnalysisRunner static constructor.
RoslynAnalysisRunner will not be running.
RoslynAnalysisRunner has terminated.
Mono: successfully reloaded assembly
- Completed reload, in  1.025 seconds
Platform modules already initialized, skipping
Refreshing native plugins compatible for Editor in 0.37 ms, found 1 plugins.
Preloading 0 native plugins for Editor in 0.00 ms.
Unloading 1820 Unused Serialized files (Serialized files now loaded: 0)
System memory in use before: 89.0 MB.
System memory in use after: 89.0 MB.

Unloading 12 unused Assets to reduce memory usage. Loaded Objects now: 2525.
Total: 2.631800 ms (FindLiveObjects: 0.267800 ms CreateObjectMapping: 0.149700 ms MarkObjects: 2.087800 ms  DeleteObjects: 0.125600 ms)

========================================================================
Received Prepare
Registering precompiled user dll's ...
Registered in 0.001150 seconds.
Begin MonoManager ReloadAssembly
Native extension for WindowsStandalone target not found
Native extension for WebGL target not found
Refreshing native plugins compatible for Editor in 0.39 ms, found 1 plugins.
Preloading 0 native plugins for Editor in 0.00 ms.
Invoked RoslynAnalysisRunner static constructor.
RoslynAnalysisRunner will not be running.
RoslynAnalysisRunner has terminated.
Mono: successfully reloaded assembly
- Completed reload, in  1.116 seconds
Platform modules already initialized, skipping
Refreshing native plugins compatible for Editor in 0.40 ms, found 1 plugins.
Preloading 0 native plugins for Editor in 0.00 ms.
Unloading 1820 Unused Serialized files (Serialized files now loaded: 0)
System memory in use before: 89.0 MB.
System memory in use after: 89.0 MB.

Unloading 12 unused Assets to reduce memory usage. Loaded Objects now: 2529.
Total: 2.439400 ms (FindLiveObjects: 0.247800 ms CreateObjectMapping: 0.130000 ms MarkObjects: 1.917600 ms  DeleteObjects: 0.132900 ms)

========================================================================
Received Prepare
Registering precompiled user dll's ...
Registered in 0.001242 seconds.
Begin MonoManager ReloadAssembly
Native extension for WindowsStandalone target not found
Native extension for WebGL target not found
Refreshing native plugins compatible for Editor in 0.40 ms, found 1 plugins.
Preloading 0 native plugins for Editor in 0.00 ms.
Invoked RoslynAnalysisRunner static constructor.
RoslynAnalysisRunner will not be running.
RoslynAnalysisRunner has terminated.
Mono: successfully reloaded assembly
- Completed reload, in  1.155 seconds
Platform modules already initialized, skipping
Refreshing native plugins compatible for Editor in 0.42 ms, found 1 plugins.
Preloading 0 native plugins for Editor in 0.00 ms.
Unloading 1820 Unused Serialized files (Serialized files now loaded: 0)
System memory in use before: 89.1 MB.
System memory in use after: 89.0 MB.

Unloading 12 unused Assets to reduce memory usage. Loaded Objects now: 2533.
Total: 2.638000 ms (FindLiveObjects: 0.257900 ms CreateObjectMapping: 0.134300 ms MarkObjects: 2.077900 ms  DeleteObjects: 0.166000 ms)

========================================================================
Received Prepare
Registering precompiled user dll's ...
Registered in 0.001227 seconds.
Begin MonoManager ReloadAssembly
Native extension for WindowsStandalone target not found
Native extension for WebGL target not found
Refreshing native plugins compatible for Editor in 0.41 ms, found 1 plugins.
Preloading 0 native plugins for Editor in 0.00 ms.
Invoked RoslynAnalysisRunner static constructor.
RoslynAnalysisRunner will not be running.
RoslynAnalysisRunner has terminated.
Mono: successfully reloaded assembly
- Completed reload, in  1.245 seconds
Platform modules already initialized, skipping
Refreshing native plugins compatible for Editor in 1.59 ms, found 1 plugins.
Preloading 0 native plugins for Editor in 0.00 ms.
Unloading 1820 Unused Serialized files (Serialized files now loaded: 0)
System memory in use before: 89.1 MB.
System memory in use after: 89.0 MB.

Unloading 12 unused Assets to reduce memory usage. Loaded Objects now: 2537.
Total: 4.948100 ms (FindLiveObjects: 1.531400 ms CreateObjectMapping: 0.519300 ms MarkObjects: 2.755900 ms  DeleteObjects: 0.139900 ms)

========================================================================
Received Prepare
Registering precompiled user dll's ...
Registered in 0.001189 seconds.
Begin MonoManager ReloadAssembly
Native extension for WindowsStandalone target not found
Native extension for WebGL target not found
Refreshing native plugins compatible for Editor in 0.40 ms, found 1 plugins.
Preloading 0 native plugins for Editor in 0.00 ms.
Invoked RoslynAnalysisRunner static constructor.
RoslynAnalysisRunner will not be running.
RoslynAnalysisRunner has terminated.
Mono: successfully reloaded assembly
- Completed reload, in  1.144 seconds
Platform modules already initialized, skipping
Refreshing native plugins compatible for Editor in 0.41 ms, found 1 plugins.
Preloading 0 native plugins for Editor in 0.00 ms.
Unloading 1820 Unused Serialized files (Serialized files now loaded: 0)
System memory in use before: 89.1 MB.
System memory in use after: 89.1 MB.

Unloading 12 unused Assets to reduce memory usage. Loaded Objects now: 2541.
Total: 2.930600 ms (FindLiveObjects: 0.298200 ms CreateObjectMapping: 0.163200 ms MarkObjects: 2.338000 ms  DeleteObjects: 0.130100 ms)

========================================================================
Received Prepare
Registering precompiled user dll's ...
Registered in 0.001448 seconds.
Begin MonoManager ReloadAssembly
Native extension for WindowsStandalone target not found
Native extension for WebGL target not found
Refreshing native plugins compatible for Editor in 0.39 ms, found 1 plugins.
Preloading 0 native plugins for Editor in 0.00 ms.
Invoked RoslynAnalysisRunner static constructor.
RoslynAnalysisRunner will not be running.
RoslynAnalysisRunner has terminated.
Mono: successfully reloaded assembly
- Completed reload, in  1.320 seconds
Platform modules already initialized, skipping
Refreshing native plugins compatible for Editor in 0.41 ms, found 1 plugins.
Preloading 0 native plugins for Editor in 0.00 ms.
Unloading 1820 Unused Serialized files (Serialized files now loaded: 0)
System memory in use before: 89.1 MB.
System memory in use after: 89.1 MB.

Unloading 12 unused Assets to reduce memory usage. Loaded Objects now: 2545.
Total: 12.066500 ms (FindLiveObjects: 0.816400 ms CreateObjectMapping: 0.312800 ms MarkObjects: 10.741700 ms  DeleteObjects: 0.193400 ms)

========================================================================
Received Prepare
Registering precompiled user dll's ...
Registered in 0.001421 seconds.
Begin MonoManager ReloadAssembly
Native extension for WindowsStandalone target not found
Native extension for WebGL target not found
Refreshing native plugins compatible for Editor in 0.44 ms, found 1 plugins.
Preloading 0 native plugins for Editor in 0.00 ms.
Invoked RoslynAnalysisRunner static constructor.
RoslynAnalysisRunner will not be running.
RoslynAnalysisRunner has terminated.
Mono: successfully reloaded assembly
- Completed reload, in  1.535 seconds
Platform modules already initialized, skipping
Refreshing native plugins compatible for Editor in 0.53 ms, found 1 plugins.
Preloading 0 native plugins for Editor in 0.00 ms.
Unloading 1820 Unused Serialized files (Serialized files now loaded: 0)
System memory in use before: 89.1 MB.
System memory in use after: 89.1 MB.

Unloading 12 unused Assets to reduce memory usage. Loaded Objects now: 2549.
Total: 2.906700 ms (FindLiveObjects: 0.265600 ms CreateObjectMapping: 0.154400 ms MarkObjects: 2.306300 ms  DeleteObjects: 0.179300 ms)

AssetImportWorkerClient::OnTransportError - code=2 error=End of file
