Using pre-set license
Built from '2020.3/staging' branch; Version is '2020.3.3f1 (76626098c1c4) revision 7758432'; Using compiler version '192528614'; Build Type 'Release'
OS: 'Windows 10 Home; OS build 19042.1052; Version 2009; 64bit' Language: 'en' Physical Memory: 16321 MB
BatchMode: 1, IsHumanControllingUs: 0, StartBugReporterOnCrash: 0, Is64bit: 1, IsPro: 0

 COMMAND LINE ARGUMENTS:
E:\Unity\2020.3.3f1\Editor\Unity.exe
-adb2
-batchMode
-noUpm
-name
AssetImportWorker0
-projectPath
E:/School Stuff/Cross Plateform/GitHub/BattleKidX
-logFile
Logs/AssetImportWorker0.log
-srvPort
51303
Successfully changed project path to: E:/School Stuff/Cross Plateform/GitHub/BattleKidX
E:/School Stuff/Cross Plateform/GitHub/BattleKidX
Using Asset Import Pipeline V2.
Refreshing native plugins compatible for Editor in 45.44 ms, found 1 plugins.
Preloading 0 native plugins for Editor in 0.00 ms.
Initialize engine version: 2020.3.3f1 (76626098c1c4)
[Subsystems] Discovering subsystems at path E:/Unity/2020.3.3f1/Editor/Data/Resources/UnitySubsystems
[Subsystems] Discovering subsystems at path E:/School Stuff/Cross Plateform/GitHub/BattleKidX/Assets
GfxDevice: creating device client; threaded=0
Direct3D:
    Version:  Direct3D 11.0 [level 11.1]
    Renderer: AMD Radeon (TM) R9 390 Series (ID=0x67b1)
    Vendor:   
    VRAM:     8168 MB
    Driver:   27.20.1034.6
Initialize mono
Mono path[0] = 'E:/Unity/2020.3.3f1/Editor/Data/Managed'
Mono path[1] = 'E:/Unity/2020.3.3f1/Editor/Data/MonoBleedingEdge/lib/mono/unityjit'
Mono config path = 'E:/Unity/2020.3.3f1/Editor/Data/MonoBleedingEdge/etc'
Using monoOptions --debugger-agent=transport=dt_socket,embedding=1,server=y,suspend=n,address=127.0.0.1:56384
Begin MonoManager ReloadAssembly
Registering precompiled unity dll's ...
Register platform support module: E:/Unity/2020.3.3f1/Editor/Data/PlaybackEngines/WebGLSupport/UnityEditor.WebGL.Extensions.dll
Register platform support module: E:/Unity/2020.3.3f1/Editor/Data/PlaybackEngines/WindowsStandaloneSupport/UnityEditor.WindowsStandalone.Extensions.dll
Registered in 0.003270 seconds.
Native extension for WindowsStandalone target not found
Native extension for WebGL target not found
Refreshing native plugins compatible for Editor in 54.87 ms, found 1 plugins.
Preloading 0 native plugins for Editor in 0.00 ms.
Invoked RoslynAnalysisRunner static constructor.
RoslynAnalysisRunner will not be running.
RoslynAnalysisRunner has terminated.
Mono: successfully reloaded assembly
- Completed reload, in  1.877 seconds
Platform modules already initialized, skipping
Registering precompiled user dll's ...
Registered in 0.001432 seconds.
Begin MonoManager ReloadAssembly
Native extension for WindowsStandalone target not found
Native extension for WebGL target not found
Refreshing native plugins compatible for Editor in 51.82 ms, found 1 plugins.
Preloading 0 native plugins for Editor in 0.00 ms.
Invoked RoslynAnalysisRunner static constructor.
RoslynAnalysisRunner will not be running.
RoslynAnalysisRunner has terminated.
Mono: successfully reloaded assembly
- Completed reload, in  1.369 seconds
Platform modules already initialized, skipping
========================================================================
Worker process is ready to serve import requests
Launched and connected shader compiler UnityShaderCompiler.exe after 0.08 seconds
Refreshing native plugins compatible for Editor in 1.97 ms, found 1 plugins.
Preloading 0 native plugins for Editor in 0.00 ms.
Unloading 1830 Unused Serialized files (Serialized files now loaded: 0)
System memory in use before: 85.6 MB.
System memory in use after: 85.5 MB.

Unloading 24 unused Assets to reduce memory usage. Loaded Objects now: 2274.
Total: 2.137300 ms (FindLiveObjects: 0.188300 ms CreateObjectMapping: 0.127900 ms MarkObjects: 1.686400 ms  DeleteObjects: 0.133700 ms)

========================================================================
Received Import Request.
  path: Assets/Scenes/SampleScene.unity
  artifactKey: Guid(2cda990e2423bbf4892e6590ba056729) Importer(815301076,1909f56bfc062723c751e8b465ee728b)
Start importing Assets/Scenes/SampleScene.unity using Guid(2cda990e2423bbf4892e6590ba056729) Importer(815301076,1909f56bfc062723c751e8b465ee728b)  -> (artifact id: '1c344fb36597228a9704851dd3c34177') in 0.013909 seconds
  Import took 0.017362 seconds .

========================================================================
Received Prepare
Refreshing native plugins compatible for Editor in 2.25 ms, found 1 plugins.
Preloading 0 native plugins for Editor in 0.00 ms.
Unloading 10 Unused Serialized files (Serialized files now loaded: 0)
System memory in use before: 49.4 MB.
System memory in use after: 49.4 MB.

Unloading 10 unused Assets to reduce memory usage. Loaded Objects now: 2274.
Total: 2.403200 ms (FindLiveObjects: 0.180000 ms CreateObjectMapping: 0.073600 ms MarkObjects: 2.043100 ms  DeleteObjects: 0.105300 ms)

========================================================================
Received Prepare
Registering precompiled user dll's ...
Registered in 0.001183 seconds.
Begin MonoManager ReloadAssembly
Native extension for WindowsStandalone target not found
Native extension for WebGL target not found
Refreshing native plugins compatible for Editor in 0.43 ms, found 1 plugins.
Preloading 0 native plugins for Editor in 0.00 ms.
Invoked RoslynAnalysisRunner static constructor.
RoslynAnalysisRunner will not be running.
RoslynAnalysisRunner has terminated.
Mono: successfully reloaded assembly
- Completed reload, in  1.012 seconds
Platform modules already initialized, skipping
Refreshing native plugins compatible for Editor in 0.38 ms, found 1 plugins.
Preloading 0 native plugins for Editor in 0.00 ms.
Unloading 1825 Unused Serialized files (Serialized files now loaded: 0)
System memory in use before: 85.5 MB.
System memory in use after: 85.5 MB.

Unloading 12 unused Assets to reduce memory usage. Loaded Objects now: 2278.
Total: 2.722800 ms (FindLiveObjects: 0.239200 ms CreateObjectMapping: 0.069000 ms MarkObjects: 2.281800 ms  DeleteObjects: 0.131500 ms)

========================================================================
Received Import Request.
  Time since last request: 549.893300 seconds.
  path: Assets/Scripts/Managers/CanvasManager.cs
  artifactKey: Guid(f14fb5c750390b94483289b1bf1b1592) Importer(815301076,1909f56bfc062723c751e8b465ee728b)
Start importing Assets/Scripts/Managers/CanvasManager.cs using Guid(f14fb5c750390b94483289b1bf1b1592) Importer(815301076,1909f56bfc062723c751e8b465ee728b)  -> (artifact id: 'a02077e8d92d01a819f9ae7d678fa38a') in 0.083508 seconds
  Import took 0.086827 seconds .

========================================================================
Received Import Request.
  Time since last request: 6.901124 seconds.
  path: Assets/Scripts/Managers/GameManager.cs
  artifactKey: Guid(858cc6a3a5afd614491bc088c910ffeb) Importer(815301076,1909f56bfc062723c751e8b465ee728b)
Start importing Assets/Scripts/Managers/GameManager.cs using Guid(858cc6a3a5afd614491bc088c910ffeb) Importer(815301076,1909f56bfc062723c751e8b465ee728b)  -> (artifact id: '0bd7a94e2ff3fb323fa27623529e3b39') in 0.002914 seconds
  Import took 0.006599 seconds .

========================================================================
Received Import Request.
  Time since last request: 0.000851 seconds.
  path: Assets/Scripts/Managers/GameManager.cs
  artifactKey: Guid(858cc6a3a5afd614491bc088c910ffeb) Importer(815301076,1909f56bfc062723c751e8b465ee728b)
Start importing Assets/Scripts/Managers/GameManager.cs using Guid(858cc6a3a5afd614491bc088c910ffeb) Importer(815301076,1909f56bfc062723c751e8b465ee728b)  -> (artifact id: '0bd7a94e2ff3fb323fa27623529e3b39') in 0.004839 seconds
  Import took 0.007996 seconds .

========================================================================
Received Import Request.
  Time since last request: 836.200098 seconds.
  path: Assets/Scenes/VictoryScreen.unity
  artifactKey: Guid(9ab1c0f9769a7744ca787f29eaff9571) Importer(815301076,1909f56bfc062723c751e8b465ee728b)
Start importing Assets/Scenes/VictoryScreen.unity using Guid(9ab1c0f9769a7744ca787f29eaff9571) Importer(815301076,1909f56bfc062723c751e8b465ee728b)  -> (artifact id: '3a87b78bd62e37f68a6379fbdf2aa958') in 0.015969 seconds
  Import took 0.019616 seconds .

========================================================================
Received Import Request.
  Time since last request: 83.553598 seconds.
  path: Assets/Scenes/VictoryScreen.unity
  artifactKey: Guid(9ab1c0f9769a7744ca787f29eaff9571) Importer(815301076,1909f56bfc062723c751e8b465ee728b)
Start importing Assets/Scenes/VictoryScreen.unity using Guid(9ab1c0f9769a7744ca787f29eaff9571) Importer(815301076,1909f56bfc062723c751e8b465ee728b)  -> (artifact id: '430eb1f80eee394664bc4951569a69b8') in 0.006673 seconds
  Import took 0.009927 seconds .

========================================================================
Received Import Request.
  Time since last request: 128.804770 seconds.
  path: Assets/Prefab/Canvas.prefab
  artifactKey: Guid(5b326c89c843a4c418f82a952246538f) Importer(815301076,1909f56bfc062723c751e8b465ee728b)
Start importing Assets/Prefab/Canvas.prefab using Guid(5b326c89c843a4c418f82a952246538f) Importer(815301076,1909f56bfc062723c751e8b465ee728b)  -> (artifact id: 'b93552f8cfba424ba4793fe2e6116391') in 0.063554 seconds
  Import took 0.067069 seconds .

========================================================================
Received Import Request.
  Time since last request: 12.237336 seconds.
  path: Assets/Scenes/VictoryScreen.unity
  artifactKey: Guid(9ab1c0f9769a7744ca787f29eaff9571) Importer(815301076,1909f56bfc062723c751e8b465ee728b)
Start importing Assets/Scenes/VictoryScreen.unity using Guid(9ab1c0f9769a7744ca787f29eaff9571) Importer(815301076,1909f56bfc062723c751e8b465ee728b)  -> (artifact id: '67aee07e664d74a6b5aac2bde88d4aa1') in 0.005373 seconds
  Import took 0.008886 seconds .

========================================================================
Received Import Request.
  Time since last request: 153.223637 seconds.
  path: Assets/Scripts/Objective.cs
  artifactKey: Guid(76bd598fc53d041489e2b419e71fbef1) Importer(815301076,1909f56bfc062723c751e8b465ee728b)
Start importing Assets/Scripts/Objective.cs using Guid(76bd598fc53d041489e2b419e71fbef1) Importer(815301076,1909f56bfc062723c751e8b465ee728b)  -> (artifact id: 'b1d0af8d4d14fb9bad372d6b63d936bc') in 0.003540 seconds
  Import took 0.007915 seconds .

========================================================================
Received Prepare
Registering precompiled user dll's ...
Registered in 0.001135 seconds.
Begin MonoManager ReloadAssembly
Native extension for WindowsStandalone target not found
Native extension for WebGL target not found
Refreshing native plugins compatible for Editor in 0.39 ms, found 1 plugins.
Preloading 0 native plugins for Editor in 0.00 ms.
Invoked RoslynAnalysisRunner static constructor.
RoslynAnalysisRunner will not be running.
RoslynAnalysisRunner has terminated.
Mono: successfully reloaded assembly
- Completed reload, in  1.019 seconds
Platform modules already initialized, skipping
Refreshing native plugins compatible for Editor in 0.41 ms, found 1 plugins.
Preloading 0 native plugins for Editor in 0.00 ms.
Unloading 1825 Unused Serialized files (Serialized files now loaded: 0)
System memory in use before: 85.7 MB.
System memory in use after: 85.7 MB.

Unloading 16 unused Assets to reduce memory usage. Loaded Objects now: 2284.
Total: 2.206800 ms (FindLiveObjects: 0.177900 ms CreateObjectMapping: 0.074100 ms MarkObjects: 1.801500 ms  DeleteObjects: 0.152200 ms)

========================================================================
Received Prepare
Registering precompiled user dll's ...
Registered in 0.001259 seconds.
Begin MonoManager ReloadAssembly
Native extension for WindowsStandalone target not found
Native extension for WebGL target not found
Refreshing native plugins compatible for Editor in 0.41 ms, found 1 plugins.
Preloading 0 native plugins for Editor in 0.00 ms.
Invoked RoslynAnalysisRunner static constructor.
RoslynAnalysisRunner will not be running.
RoslynAnalysisRunner has terminated.
Mono: successfully reloaded assembly
- Completed reload, in  1.247 seconds
Platform modules already initialized, skipping
Refreshing native plugins compatible for Editor in 0.40 ms, found 1 plugins.
Preloading 0 native plugins for Editor in 0.00 ms.
Unloading 1825 Unused Serialized files (Serialized files now loaded: 0)
System memory in use before: 85.7 MB.
System memory in use after: 85.7 MB.

Unloading 12 unused Assets to reduce memory usage. Loaded Objects now: 2288.
Total: 2.162200 ms (FindLiveObjects: 0.191900 ms CreateObjectMapping: 0.077200 ms MarkObjects: 1.784500 ms  DeleteObjects: 0.107300 ms)

========================================================================
Received Import Request.
  Time since last request: 653.755269 seconds.
  path: Assets/Scripts/Testing/Health.cs
  artifactKey: Guid(56145e36479508b4081d869b8ede29f3) Importer(815301076,1909f56bfc062723c751e8b465ee728b)
Start importing Assets/Scripts/Testing/Health.cs using Guid(56145e36479508b4081d869b8ede29f3) Importer(815301076,1909f56bfc062723c751e8b465ee728b)  -> (artifact id: 'ed6ba296d77560e5792bb62a98a4d828') in 0.006178 seconds
  Import took 0.009512 seconds .

========================================================================
Received Import Request.
  Time since last request: 0.000866 seconds.
  path: Assets/Scripts/Testing/Health.cs
  artifactKey: Guid(56145e36479508b4081d869b8ede29f3) Importer(815301076,1909f56bfc062723c751e8b465ee728b)
Start importing Assets/Scripts/Testing/Health.cs using Guid(56145e36479508b4081d869b8ede29f3) Importer(815301076,1909f56bfc062723c751e8b465ee728b)  -> (artifact id: 'ed6ba296d77560e5792bb62a98a4d828') in 0.004096 seconds
  Import took 0.008095 seconds .

========================================================================
Received Import Request.
  Time since last request: 36.656549 seconds.
  path: Assets/Scenes/VictoryScreen.unity
  artifactKey: Guid(9ab1c0f9769a7744ca787f29eaff9571) Importer(815301076,1909f56bfc062723c751e8b465ee728b)
Start importing Assets/Scenes/VictoryScreen.unity using Guid(9ab1c0f9769a7744ca787f29eaff9571) Importer(815301076,1909f56bfc062723c751e8b465ee728b)  -> (artifact id: '096faa5ef31bc9cfc095acdf9c088b14') in 0.013267 seconds
  Import took 0.016443 seconds .

========================================================================
Received Prepare
Registering precompiled user dll's ...
Registered in 0.001313 seconds.
Begin MonoManager ReloadAssembly
Native extension for WindowsStandalone target not found
Native extension for WebGL target not found
Refreshing native plugins compatible for Editor in 0.47 ms, found 1 plugins.
Preloading 0 native plugins for Editor in 0.00 ms.
Invoked RoslynAnalysisRunner static constructor.
RoslynAnalysisRunner will not be running.
RoslynAnalysisRunner has terminated.
Mono: successfully reloaded assembly
- Completed reload, in  1.042 seconds
Platform modules already initialized, skipping
Refreshing native plugins compatible for Editor in 0.44 ms, found 1 plugins.
Preloading 0 native plugins for Editor in 0.00 ms.
Unloading 1825 Unused Serialized files (Serialized files now loaded: 0)
System memory in use before: 85.7 MB.
System memory in use after: 85.7 MB.

Unloading 12 unused Assets to reduce memory usage. Loaded Objects now: 2292.
Total: 2.508700 ms (FindLiveObjects: 0.280200 ms CreateObjectMapping: 0.158000 ms MarkObjects: 1.950400 ms  DeleteObjects: 0.118800 ms)

========================================================================
Received Import Request.
  Time since last request: 99.362303 seconds.
  path: Assets/Scenes/TitleScreen.unity
  artifactKey: Guid(d61f10a2cf71bca478fa93c8f6350d83) Importer(815301076,1909f56bfc062723c751e8b465ee728b)
Start importing Assets/Scenes/TitleScreen.unity using Guid(d61f10a2cf71bca478fa93c8f6350d83) Importer(815301076,1909f56bfc062723c751e8b465ee728b)  -> (artifact id: 'b7597238cb30dc73b4d8b5ea1ec1a4a0') in 0.014311 seconds
  Import took 0.019288 seconds .

========================================================================
Received Import Request.
  Time since last request: 21.724893 seconds.
  path: Assets/Scenes/SampleScene.unity
  artifactKey: Guid(2cda990e2423bbf4892e6590ba056729) Importer(815301076,1909f56bfc062723c751e8b465ee728b)
Start importing Assets/Scenes/SampleScene.unity using Guid(2cda990e2423bbf4892e6590ba056729) Importer(815301076,1909f56bfc062723c751e8b465ee728b)  -> (artifact id: '48d785ce442d88f97df84fc0d3bb9979') in 0.006013 seconds
  Import took 0.009616 seconds .

========================================================================
Received Import Request.
  Time since last request: 10.503091 seconds.
  path: Assets/Scripts/Objective.cs
  artifactKey: Guid(76bd598fc53d041489e2b419e71fbef1) Importer(815301076,1909f56bfc062723c751e8b465ee728b)
Start importing Assets/Scripts/Objective.cs using Guid(76bd598fc53d041489e2b419e71fbef1) Importer(815301076,1909f56bfc062723c751e8b465ee728b)  -> (artifact id: '0f7e648f2764d10c4ecc205c5c96f7bb') in 0.002487 seconds
  Import took 0.005804 seconds .

========================================================================
Received Prepare
Registering precompiled user dll's ...
Registered in 0.001204 seconds.
Begin MonoManager ReloadAssembly
Native extension for WindowsStandalone target not found
Native extension for WebGL target not found
Refreshing native plugins compatible for Editor in 0.44 ms, found 1 plugins.
Preloading 0 native plugins for Editor in 0.00 ms.
Invoked RoslynAnalysisRunner static constructor.
RoslynAnalysisRunner will not be running.
RoslynAnalysisRunner has terminated.
Mono: successfully reloaded assembly
- Completed reload, in  1.108 seconds
Platform modules already initialized, skipping
Refreshing native plugins compatible for Editor in 0.38 ms, found 1 plugins.
Preloading 0 native plugins for Editor in 0.00 ms.
Unloading 1825 Unused Serialized files (Serialized files now loaded: 0)
System memory in use before: 85.8 MB.
System memory in use after: 85.7 MB.

Unloading 12 unused Assets to reduce memory usage. Loaded Objects now: 2296.
Total: 2.484400 ms (FindLiveObjects: 0.178800 ms CreateObjectMapping: 0.071000 ms MarkObjects: 2.122100 ms  DeleteObjects: 0.111500 ms)

========================================================================
Received Import Request.
  Time since last request: 297.507755 seconds.
  path: Assets/Prefab/Player.prefab
  artifactKey: Guid(bde5cf68da7d46d42b948605590f7939) Importer(815301076,1909f56bfc062723c751e8b465ee728b)
Start importing Assets/Prefab/Player.prefab using Guid(bde5cf68da7d46d42b948605590f7939) Importer(815301076,1909f56bfc062723c751e8b465ee728b)  -> (artifact id: 'e4e19c4b030aca363f3ae0bbc48e452f') in 0.126459 seconds
  Import took 0.131955 seconds .

========================================================================
Received Import Request.
  Time since last request: 0.001504 seconds.
  path: Assets/Prefab/Player.prefab
  artifactKey: Guid(bde5cf68da7d46d42b948605590f7939) Importer(815301076,1909f56bfc062723c751e8b465ee728b)
Start importing Assets/Prefab/Player.prefab using Guid(bde5cf68da7d46d42b948605590f7939) Importer(815301076,1909f56bfc062723c751e8b465ee728b)  -> (artifact id: 'e4e19c4b030aca363f3ae0bbc48e452f') in 0.018702 seconds
  Import took 0.022430 seconds .

========================================================================
Received Prepare
Registering precompiled user dll's ...
Registered in 0.001217 seconds.
Begin MonoManager ReloadAssembly
Native extension for WindowsStandalone target not found
Native extension for WebGL target not found
Refreshing native plugins compatible for Editor in 0.37 ms, found 1 plugins.
Preloading 0 native plugins for Editor in 0.00 ms.
Invoked RoslynAnalysisRunner static constructor.
RoslynAnalysisRunner will not be running.
RoslynAnalysisRunner has terminated.
Mono: successfully reloaded assembly
- Completed reload, in  1.000 seconds
Platform modules already initialized, skipping
Refreshing native plugins compatible for Editor in 0.38 ms, found 1 plugins.
Preloading 0 native plugins for Editor in 0.00 ms.
Unloading 1825 Unused Serialized files (Serialized files now loaded: 0)
System memory in use before: 88.9 MB.
System memory in use after: 88.9 MB.

Unloading 12 unused Assets to reduce memory usage. Loaded Objects now: 2307.
Total: 2.288100 ms (FindLiveObjects: 0.243800 ms CreateObjectMapping: 0.094900 ms MarkObjects: 1.831000 ms  DeleteObjects: 0.117100 ms)

========================================================================
Received Prepare
Registering precompiled user dll's ...
Registered in 0.001453 seconds.
Begin MonoManager ReloadAssembly
Native extension for WindowsStandalone target not found
Native extension for WebGL target not found
Refreshing native plugins compatible for Editor in 0.43 ms, found 1 plugins.
Preloading 0 native plugins for Editor in 0.00 ms.
Invoked RoslynAnalysisRunner static constructor.
RoslynAnalysisRunner will not be running.
RoslynAnalysisRunner has terminated.
Mono: successfully reloaded assembly
- Completed reload, in  1.049 seconds
Platform modules already initialized, skipping
Refreshing native plugins compatible for Editor in 0.39 ms, found 1 plugins.
Preloading 0 native plugins for Editor in 0.00 ms.
Unloading 1825 Unused Serialized files (Serialized files now loaded: 0)
System memory in use before: 88.9 MB.
System memory in use after: 88.9 MB.

Unloading 12 unused Assets to reduce memory usage. Loaded Objects now: 2311.
Total: 2.570300 ms (FindLiveObjects: 0.286000 ms CreateObjectMapping: 0.191300 ms MarkObjects: 1.946300 ms  DeleteObjects: 0.115200 ms)

========================================================================
Received Prepare
Registering precompiled user dll's ...
Registered in 0.001109 seconds.
Begin MonoManager ReloadAssembly
Native extension for WindowsStandalone target not found
Native extension for WebGL target not found
Refreshing native plugins compatible for Editor in 0.39 ms, found 1 plugins.
Preloading 0 native plugins for Editor in 0.00 ms.
Invoked RoslynAnalysisRunner static constructor.
RoslynAnalysisRunner will not be running.
RoslynAnalysisRunner has terminated.
Mono: successfully reloaded assembly
- Completed reload, in  1.031 seconds
Platform modules already initialized, skipping
Refreshing native plugins compatible for Editor in 0.39 ms, found 1 plugins.
Preloading 0 native plugins for Editor in 0.00 ms.
Unloading 1825 Unused Serialized files (Serialized files now loaded: 0)
System memory in use before: 88.9 MB.
System memory in use after: 88.9 MB.

Unloading 12 unused Assets to reduce memory usage. Loaded Objects now: 2315.
Total: 2.052900 ms (FindLiveObjects: 0.188100 ms CreateObjectMapping: 0.068500 ms MarkObjects: 1.680500 ms  DeleteObjects: 0.114600 ms)

========================================================================
Received Prepare
Registering precompiled user dll's ...
Registered in 0.001103 seconds.
Begin MonoManager ReloadAssembly
Native extension for WindowsStandalone target not found
Native extension for WebGL target not found
Refreshing native plugins compatible for Editor in 0.37 ms, found 1 plugins.
Preloading 0 native plugins for Editor in 0.00 ms.
Invoked RoslynAnalysisRunner static constructor.
RoslynAnalysisRunner will not be running.
RoslynAnalysisRunner has terminated.
Mono: successfully reloaded assembly
- Completed reload, in  1.064 seconds
Platform modules already initialized, skipping
Refreshing native plugins compatible for Editor in 0.37 ms, found 1 plugins.
Preloading 0 native plugins for Editor in 0.00 ms.
Unloading 1825 Unused Serialized files (Serialized files now loaded: 0)
System memory in use before: 88.9 MB.
System memory in use after: 88.9 MB.

Unloading 12 unused Assets to reduce memory usage. Loaded Objects now: 2319.
Total: 2.151900 ms (FindLiveObjects: 0.183300 ms CreateObjectMapping: 0.077900 ms MarkObjects: 1.768400 ms  DeleteObjects: 0.121400 ms)

========================================================================
Received Prepare
Registering precompiled user dll's ...
Registered in 0.001105 seconds.
Begin MonoManager ReloadAssembly
Native extension for WindowsStandalone target not found
Native extension for WebGL target not found
Refreshing native plugins compatible for Editor in 0.43 ms, found 1 plugins.
Preloading 0 native plugins for Editor in 0.00 ms.
Invoked RoslynAnalysisRunner static constructor.
RoslynAnalysisRunner will not be running.
RoslynAnalysisRunner has terminated.
Mono: successfully reloaded assembly
- Completed reload, in  1.026 seconds
Platform modules already initialized, skipping
Refreshing native plugins compatible for Editor in 0.80 ms, found 1 plugins.
Preloading 0 native plugins for Editor in 0.00 ms.
Unloading 1825 Unused Serialized files (Serialized files now loaded: 0)
System memory in use before: 88.9 MB.
System memory in use after: 88.9 MB.

Unloading 12 unused Assets to reduce memory usage. Loaded Objects now: 2323.
Total: 3.210400 ms (FindLiveObjects: 0.222500 ms CreateObjectMapping: 0.147600 ms MarkObjects: 2.721200 ms  DeleteObjects: 0.118300 ms)

========================================================================
Received Prepare
Registering precompiled user dll's ...
Registered in 0.001161 seconds.
Begin MonoManager ReloadAssembly
Native extension for WindowsStandalone target not found
Native extension for WebGL target not found
Refreshing native plugins compatible for Editor in 0.68 ms, found 1 plugins.
Preloading 0 native plugins for Editor in 0.00 ms.
Invoked RoslynAnalysisRunner static constructor.
RoslynAnalysisRunner will not be running.
RoslynAnalysisRunner has terminated.
Mono: successfully reloaded assembly
- Completed reload, in  1.040 seconds
Platform modules already initialized, skipping
Refreshing native plugins compatible for Editor in 0.40 ms, found 1 plugins.
Preloading 0 native plugins for Editor in 0.00 ms.
Unloading 1825 Unused Serialized files (Serialized files now loaded: 0)
System memory in use before: 88.9 MB.
System memory in use after: 88.9 MB.

Unloading 12 unused Assets to reduce memory usage. Loaded Objects now: 2327.
Total: 2.369300 ms (FindLiveObjects: 0.191000 ms CreateObjectMapping: 0.065300 ms MarkObjects: 1.939500 ms  DeleteObjects: 0.172400 ms)

========================================================================
Received Import Request.
  Time since last request: 613.860448 seconds.
  path: Assets/Scenes/SampleScene.unity
  artifactKey: Guid(2cda990e2423bbf4892e6590ba056729) Importer(815301076,1909f56bfc062723c751e8b465ee728b)
Start importing Assets/Scenes/SampleScene.unity using Guid(2cda990e2423bbf4892e6590ba056729) Importer(815301076,1909f56bfc062723c751e8b465ee728b)  -> (artifact id: 'f8e8552052d9864f72ec5fb0876a3063') in 0.015551 seconds
  Import took 0.019295 seconds .

========================================================================
Received Import Request.
  Time since last request: 24.488987 seconds.
  path: Assets/Prefab/Canvas (1).prefab
  artifactKey: Guid(ae0f6d0ef3ff2f94ca709d8384244c85) Importer(815301076,1909f56bfc062723c751e8b465ee728b)
Start importing Assets/Prefab/Canvas (1).prefab using Guid(ae0f6d0ef3ff2f94ca709d8384244c85) Importer(815301076,1909f56bfc062723c751e8b465ee728b)  -> (artifact id: 'a85b4b361c8c6b5d97754bca81e4f97d') in 0.046555 seconds
  Import took 0.051645 seconds .

========================================================================
Received Import Request.
  Time since last request: 0.002449 seconds.
  path: Assets/Prefab/Canvas (1).prefab
  artifactKey: Guid(ae0f6d0ef3ff2f94ca709d8384244c85) Importer(815301076,1909f56bfc062723c751e8b465ee728b)
Start importing Assets/Prefab/Canvas (1).prefab using Guid(ae0f6d0ef3ff2f94ca709d8384244c85) Importer(815301076,1909f56bfc062723c751e8b465ee728b)  -> (artifact id: 'a85b4b361c8c6b5d97754bca81e4f97d') in 0.006442 seconds
  Import took 0.009897 seconds .

========================================================================
Received Import Request.
  Time since last request: 98.030597 seconds.
  path: Assets/Scenes/SampleScene.unity
  artifactKey: Guid(2cda990e2423bbf4892e6590ba056729) Importer(815301076,1909f56bfc062723c751e8b465ee728b)
Start importing Assets/Scenes/SampleScene.unity using Guid(2cda990e2423bbf4892e6590ba056729) Importer(815301076,1909f56bfc062723c751e8b465ee728b)  -> (artifact id: 'ff625b5d9a7010936553b8806b2c0ed6') in 0.003682 seconds
  Import took 0.007902 seconds .

========================================================================
Received Prepare
Registering precompiled user dll's ...
Registered in 0.001326 seconds.
Begin MonoManager ReloadAssembly
Native extension for WindowsStandalone target not found
Native extension for WebGL target not found
Refreshing native plugins compatible for Editor in 0.37 ms, found 1 plugins.
Preloading 0 native plugins for Editor in 0.00 ms.
Invoked RoslynAnalysisRunner static constructor.
RoslynAnalysisRunner will not be running.
RoslynAnalysisRunner has terminated.
Mono: successfully reloaded assembly
- Completed reload, in  0.982 seconds
Platform modules already initialized, skipping
Refreshing native plugins compatible for Editor in 0.40 ms, found 1 plugins.
Preloading 0 native plugins for Editor in 0.00 ms.
Unloading 1825 Unused Serialized files (Serialized files now loaded: 0)
System memory in use before: 89.0 MB.
System memory in use after: 88.9 MB.

Unloading 15 unused Assets to reduce memory usage. Loaded Objects now: 2331.
Total: 2.807300 ms (FindLiveObjects: 0.187500 ms CreateObjectMapping: 0.073700 ms MarkObjects: 2.407600 ms  DeleteObjects: 0.137000 ms)

========================================================================
Received Prepare
Registering precompiled user dll's ...
Registered in 0.001078 seconds.
Begin MonoManager ReloadAssembly
Native extension for WindowsStandalone target not found
Native extension for WebGL target not found
Refreshing native plugins compatible for Editor in 0.39 ms, found 1 plugins.
Preloading 0 native plugins for Editor in 0.00 ms.
Invoked RoslynAnalysisRunner static constructor.
RoslynAnalysisRunner will not be running.
RoslynAnalysisRunner has terminated.
Mono: successfully reloaded assembly
- Completed reload, in  1.053 seconds
Platform modules already initialized, skipping
Refreshing native plugins compatible for Editor in 0.37 ms, found 1 plugins.
Preloading 0 native plugins for Editor in 0.00 ms.
Unloading 1825 Unused Serialized files (Serialized files now loaded: 0)
System memory in use before: 89.0 MB.
System memory in use after: 88.9 MB.

Unloading 12 unused Assets to reduce memory usage. Loaded Objects now: 2335.
Total: 2.752000 ms (FindLiveObjects: 0.283300 ms CreateObjectMapping: 0.112900 ms MarkObjects: 2.227700 ms  DeleteObjects: 0.126700 ms)

========================================================================
Received Prepare
Registering precompiled user dll's ...
Registered in 0.001335 seconds.
Begin MonoManager ReloadAssembly
Native extension for WindowsStandalone target not found
Native extension for WebGL target not found
Refreshing native plugins compatible for Editor in 0.41 ms, found 1 plugins.
Preloading 0 native plugins for Editor in 0.00 ms.
Invoked RoslynAnalysisRunner static constructor.
RoslynAnalysisRunner will not be running.
RoslynAnalysisRunner has terminated.
Mono: successfully reloaded assembly
- Completed reload, in  1.063 seconds
Platform modules already initialized, skipping
Refreshing native plugins compatible for Editor in 0.38 ms, found 1 plugins.
Preloading 0 native plugins for Editor in 0.00 ms.
Unloading 1825 Unused Serialized files (Serialized files now loaded: 0)
System memory in use before: 89.0 MB.
System memory in use after: 88.9 MB.

Unloading 12 unused Assets to reduce memory usage. Loaded Objects now: 2339.
Total: 2.605300 ms (FindLiveObjects: 0.244000 ms CreateObjectMapping: 0.167700 ms MarkObjects: 2.059600 ms  DeleteObjects: 0.133000 ms)

========================================================================
Received Prepare
Registering precompiled user dll's ...
Registered in 0.001082 seconds.
Begin MonoManager ReloadAssembly
Native extension for WindowsStandalone target not found
Native extension for WebGL target not found
Refreshing native plugins compatible for Editor in 0.40 ms, found 1 plugins.
Preloading 0 native plugins for Editor in 0.00 ms.
Invoked RoslynAnalysisRunner static constructor.
RoslynAnalysisRunner will not be running.
RoslynAnalysisRunner has terminated.
Mono: successfully reloaded assembly
- Completed reload, in  1.137 seconds
Platform modules already initialized, skipping
Refreshing native plugins compatible for Editor in 0.39 ms, found 1 plugins.
Preloading 0 native plugins for Editor in 0.00 ms.
Unloading 1825 Unused Serialized files (Serialized files now loaded: 0)
System memory in use before: 89.0 MB.
System memory in use after: 89.0 MB.

Unloading 12 unused Assets to reduce memory usage. Loaded Objects now: 2343.
Total: 2.423500 ms (FindLiveObjects: 0.245300 ms CreateObjectMapping: 0.127300 ms MarkObjects: 1.926400 ms  DeleteObjects: 0.123300 ms)

========================================================================
Received Prepare
Registering precompiled user dll's ...
Registered in 0.001126 seconds.
Begin MonoManager ReloadAssembly
Native extension for WindowsStandalone target not found
Native extension for WebGL target not found
Refreshing native plugins compatible for Editor in 0.42 ms, found 1 plugins.
Preloading 0 native plugins for Editor in 0.00 ms.
Invoked RoslynAnalysisRunner static constructor.
RoslynAnalysisRunner will not be running.
RoslynAnalysisRunner has terminated.
Mono: successfully reloaded assembly
- Completed reload, in  1.136 seconds
Platform modules already initialized, skipping
Refreshing native plugins compatible for Editor in 0.41 ms, found 1 plugins.
Preloading 0 native plugins for Editor in 0.00 ms.
Unloading 1825 Unused Serialized files (Serialized files now loaded: 0)
System memory in use before: 89.0 MB.
System memory in use after: 89.0 MB.

Unloading 12 unused Assets to reduce memory usage. Loaded Objects now: 2347.
Total: 2.545400 ms (FindLiveObjects: 0.297700 ms CreateObjectMapping: 0.099600 ms MarkObjects: 2.011900 ms  DeleteObjects: 0.135000 ms)

========================================================================
Received Prepare
Registering precompiled user dll's ...
Registered in 0.001136 seconds.
Begin MonoManager ReloadAssembly
Native extension for WindowsStandalone target not found
Native extension for WebGL target not found
Refreshing native plugins compatible for Editor in 0.39 ms, found 1 plugins.
Preloading 0 native plugins for Editor in 0.00 ms.
Invoked RoslynAnalysisRunner static constructor.
RoslynAnalysisRunner will not be running.
RoslynAnalysisRunner has terminated.
Mono: successfully reloaded assembly
- Completed reload, in  1.035 seconds
Platform modules already initialized, skipping
Refreshing native plugins compatible for Editor in 0.39 ms, found 1 plugins.
Preloading 0 native plugins for Editor in 0.00 ms.
Unloading 1825 Unused Serialized files (Serialized files now loaded: 0)
System memory in use before: 89.0 MB.
System memory in use after: 89.0 MB.

Unloading 12 unused Assets to reduce memory usage. Loaded Objects now: 2351.
Total: 2.882700 ms (FindLiveObjects: 0.422600 ms CreateObjectMapping: 0.255500 ms MarkObjects: 2.076900 ms  DeleteObjects: 0.126200 ms)

